{"C:\\aniti_projects\\ArenaFlow\\ArenaFlow\\frontend\\src\\components\\BottomDock.tsx": {"path":"C:\\aniti_projects\\ArenaFlow\\ArenaFlow\\frontend\\src\\components\\BottomDock.tsx","all":false,"statementMap":{"0":{"start":{"line":1,"column":0},"end":{"line":1,"column":57}},"1":{"start":{"line":2,"column":0},"end":{"line":2,"column":39}},"10":{"start":{"line":11,"column":0},"end":{"line":11,"column":65}},"11":{"start":{"line":12,"column":0},"end":{"line":12,"column":47}},"12":{"start":{"line":13,"column":0},"end":{"line":13,"column":49}},"13":{"start":{"line":14,"column":0},"end":{"line":14,"column":48}},"14":{"start":{"line":15,"column":0},"end":{"line":15,"column":50}},"15":{"start":{"line":16,"column":0},"end":{"line":16,"column":2}},"17":{"start":{"line":18,"column":0},"end":{"line":18,"column":69}},"18":{"start":{"line":19,"column":0},"end":{"line":19,"column":10}},"19":{"start":{"line":20,"column":0},"end":{"line":20,"column":66}},"20":{"start":{"line":21,"column":0},"end":{"line":21,"column":107}},"21":{"start":{"line":22,"column":0},"end":{"line":22,"column":50}},"22":{"start":{"line":23,"column":0},"end":{"line":23,"column":44}},"23":{"start":{"line":24,"column":0},"end":{"line":24,"column":18}},"24":{"start":{"line":25,"column":0},"end":{"line":25,"column":19}},"25":{"start":{"line":26,"column":0},"end":{"line":26,"column":22}},"26":{"start":{"line":27,"column":0},"end":{"line":27,"column":53}},"27":{"start":{"line":28,"column":0},"end":{"line":28,"column":45}},"28":{"start":{"line":29,"column":0},"end":{"line":29,"column":183}},"30":{"start":{"line":31,"column":0},"end":{"line":31,"column":28}},"31":{"start":{"line":32,"column":0},"end":{"line":32,"column":27}},"32":{"start":{"line":33,"column":0},"end":{"line":33,"column":38}},"33":{"start":{"line":34,"column":0},"end":{"line":34,"column":82}},"34":{"start":{"line":35,"column":0},"end":{"line":35,"column":79}},"35":{"start":{"line":36,"column":0},"end":{"line":36,"column":78}},"38":{"start":{"line":39,"column":0},"end":{"line":39,"column":117}},"39":{"start":{"line":40,"column":0},"end":{"line":40,"column":131}},"40":{"start":{"line":41,"column":0},"end":{"line":41,"column":23}},"44":{"start":{"line":45,"column":0},"end":{"line":45,"column":11}},"48":{"start":{"line":49,"column":0},"end":{"line":49,"column":2}},"50":{"start":{"line":51,"column":0},"end":{"line":51,"column":26}}},"s":{"0":1,"1":1,"10":1,"11":1,"12":1,"13":1,"14":1,"15":1,"17":1,"18":3,"19":3,"20":3,"21":3,"22":12,"23":12,"24":12,"25":12,"26":12,"27":12,"28":12,"30":12,"31":12,"32":12,"33":12,"34":12,"35":12,"38":12,"39":12,"40":12,"44":12,"48":3,"50":1},"branchMap":{"0":{"type":"branch","line":18,"loc":{"start":{"line":18,"column":19},"end":{"line":49,"column":2}},"locations":[{"start":{"line":18,"column":19},"end":{"line":49,"column":2}}]},"1":{"type":"branch","line":22,"loc":{"start":{"line":22,"column":18},"end":{"line":45,"column":11}},"locations":[{"start":{"line":22,"column":18},"end":{"line":45,"column":11}}]},"2":{"type":"branch","line":39,"loc":{"start":{"line":39,"column":60},"end":{"line":39,"column":88}},"locations":[{"start":{"line":39,"column":60},"end":{"line":39,"column":88}}]},"3":{"type":"branch","line":39,"loc":{"start":{"line":39,"column":71},"end":{"line":39,"column":113}},"locations":[{"start":{"line":39,"column":71},"end":{"line":39,"column":113}}]},"4":{"type":"branch","line":40,"loc":{"start":{"line":40,"column":76},"end":{"line":40,"column":104}},"locations":[{"start":{"line":40,"column":76},"end":{"line":40,"column":104}}]},"5":{"type":"branch","line":40,"loc":{"start":{"line":40,"column":87},"end":{"line":40,"column":129}},"locations":[{"start":{"line":40,"column":87},"end":{"line":40,"column":129}}]},"6":{"type":"branch","line":28,"loc":{"start":{"line":28,"column":23},"end":{"line":28,"column":45}},"locations":[{"start":{"line":28,"column":23},"end":{"line":28,"column":45}}]}},"b":{"0":[3],"1":[12],"2":[3],"3":[9],"4":[3],"5":[9],"6":[1]},"fnMap":{"0":{"name":"BottomDock","decl":{"start":{"line":18,"column":19},"end":{"line":49,"column":2}},"loc":{"start":{"line":18,"column":19},"end":{"line":49,"column":2}},"line":18},"1":{"name":"onClick","decl":{"start":{"line":28,"column":23},"end":{"line":28,"column":45}},"loc":{"start":{"line":28,"column":23},"end":{"line":28,"column":45}},"line":28}},"f":{"0":3,"1":1}}
,"C:\\aniti_projects\\ArenaFlow\\ArenaFlow\\frontend\\src\\components\\CameraScanner.tsx": {"path":"C:\\aniti_projects\\ArenaFlow\\ArenaFlow\\frontend\\src\\components\\CameraScanner.tsx","all":false,"statementMap":{"0":{"start":{"line":1,"column":0},"end":{"line":1,"column":56}},"1":{"start":{"line":2,"column":0},"end":{"line":2,"column":47}},"2":{"start":{"line":3,"column":0},"end":{"line":3,"column":43}},"10":{"start":{"line":11,"column":0},"end":{"line":11,"column":84}},"11":{"start":{"line":12,"column":0},"end":{"line":12,"column":10}},"12":{"start":{"line":13,"column":0},"end":{"line":13,"column":21}},"13":{"start":{"line":14,"column":0},"end":{"line":14,"column":18}},"14":{"start":{"line":15,"column":0},"end":{"line":15,"column":19}},"15":{"start":{"line":16,"column":0},"end":{"line":16,"column":54}},"16":{"start":{"line":17,"column":0},"end":{"line":17,"column":48}},"17":{"start":{"line":18,"column":0},"end":{"line":18,"column":34}},"18":{"start":{"line":19,"column":0},"end":{"line":19,"column":34}},"19":{"start":{"line":20,"column":0},"end":{"line":20,"column":31}},"22":{"start":{"line":23,"column":0},"end":{"line":23,"column":98}},"23":{"start":{"line":24,"column":0},"end":{"line":24,"column":95}},"24":{"start":{"line":25,"column":0},"end":{"line":25,"column":20}},"25":{"start":{"line":26,"column":0},"end":{"line":26,"column":32}},"26":{"start":{"line":27,"column":0},"end":{"line":27,"column":40}},"27":{"start":{"line":28,"column":0},"end":{"line":28,"column":135}},"29":{"start":{"line":30,"column":0},"end":{"line":30,"column":55}},"34":{"start":{"line":35,"column":0},"end":{"line":35,"column":72}},"35":{"start":{"line":36,"column":0},"end":{"line":36,"column":73}},"37":{"start":{"line":38,"column":0},"end":{"line":38,"column":116}},"38":{"start":{"line":39,"column":0},"end":{"line":39,"column":117}},"39":{"start":{"line":40,"column":0},"end":{"line":40,"column":119}},"40":{"start":{"line":41,"column":0},"end":{"line":41,"column":120}},"43":{"start":{"line":44,"column":0},"end":{"line":44,"column":25}},"44":{"start":{"line":45,"column":0},"end":{"line":45,"column":68}},"45":{"start":{"line":46,"column":0},"end":{"line":46,"column":77}},"46":{"start":{"line":47,"column":0},"end":{"line":47,"column":56}},"47":{"start":{"line":48,"column":0},"end":{"line":48,"column":83}},"50":{"start":{"line":51,"column":0},"end":{"line":51,"column":81}},"51":{"start":{"line":52,"column":0},"end":{"line":52,"column":73}},"56":{"start":{"line":57,"column":0},"end":{"line":57,"column":43}},"57":{"start":{"line":58,"column":0},"end":{"line":58,"column":103}},"58":{"start":{"line":59,"column":0},"end":{"line":59,"column":26}},"59":{"start":{"line":60,"column":0},"end":{"line":60,"column":161}},"60":{"start":{"line":61,"column":0},"end":{"line":61,"column":40}},"61":{"start":{"line":62,"column":0},"end":{"line":62,"column":30}},"62":{"start":{"line":63,"column":0},"end":{"line":63,"column":51}},"63":{"start":{"line":64,"column":0},"end":{"line":64,"column":33}},"64":{"start":{"line":65,"column":0},"end":{"line":65,"column":16}},"66":{"start":{"line":67,"column":0},"end":{"line":67,"column":42}},"74":{"start":{"line":75,"column":0},"end":{"line":75,"column":2}},"76":{"start":{"line":77,"column":0},"end":{"line":77,"column":29}}},"s":{"0":1,"1":1,"2":1,"10":1,"11":3,"12":3,"13":3,"14":3,"15":3,"16":3,"17":3,"18":3,"19":3,"22":3,"23":3,"24":3,"25":3,"26":3,"27":3,"29":3,"34":3,"35":3,"37":3,"38":3,"39":3,"40":3,"43":3,"44":3,"45":3,"46":3,"47":3,"50":3,"51":3,"56":3,"57":3,"58":3,"59":3,"60":3,"61":3,"62":0,"63":0,"64":0,"66":3,"74":3,"76":1},"branchMap":{"0":{"type":"branch","line":11,"loc":{"start":{"line":11,"column":22},"end":{"line":75,"column":2}},"locations":[{"start":{"line":11,"column":22},"end":{"line":75,"column":2}}]}},"b":{"0":[3]},"fnMap":{"0":{"name":"CameraScanner","decl":{"start":{"line":11,"column":22},"end":{"line":75,"column":2}},"loc":{"start":{"line":11,"column":22},"end":{"line":75,"column":2}},"line":11},"1":{"name":"onClick","decl":{"start":{"line":62,"column":23},"end":{"line":65,"column":16}},"loc":{"start":{"line":62,"column":23},"end":{"line":65,"column":16}},"line":62}},"f":{"0":3,"1":0}}
,"C:\\aniti_projects\\ArenaFlow\\ArenaFlow\\frontend\\src\\components\\ErrorBoundary.tsx": {"path":"C:\\aniti_projects\\ArenaFlow\\ArenaFlow\\frontend\\src\\components\\ErrorBoundary.tsx","all":true,"statementMap":{"0":{"start":{"line":1,"column":0},"end":{"line":1,"column":63}},"12":{"start":{"line":13,"column":0},"end":{"line":13,"column":60}},"13":{"start":{"line":14,"column":0},"end":{"line":14,"column":25}},"14":{"start":{"line":15,"column":0},"end":{"line":15,"column":19}},"15":{"start":{"line":16,"column":0},"end":{"line":16,"column":4}},"17":{"start":{"line":18,"column":0},"end":{"line":18,"column":63}},"18":{"start":{"line":19,"column":0},"end":{"line":19,"column":37}},"19":{"start":{"line":20,"column":0},"end":{"line":20,"column":3}},"21":{"start":{"line":22,"column":0},"end":{"line":22,"column":64}},"22":{"start":{"line":23,"column":0},"end":{"line":23,"column":55}},"23":{"start":{"line":24,"column":0},"end":{"line":24,"column":3}},"25":{"start":{"line":26,"column":0},"end":{"line":26,"column":19}},"26":{"start":{"line":27,"column":0},"end":{"line":27,"column":30}},"27":{"start":{"line":28,"column":0},"end":{"line":28,"column":14}},"28":{"start":{"line":29,"column":0},"end":{"line":29,"column":106}},"29":{"start":{"line":30,"column":0},"end":{"line":30,"column":97}},"30":{"start":{"line":31,"column":0},"end":{"line":31,"column":60}},"32":{"start":{"line":33,"column":0},"end":{"line":33,"column":85}},"33":{"start":{"line":34,"column":0},"end":{"line":34,"column":64}},"36":{"start":{"line":37,"column":0},"end":{"line":37,"column":148}},"37":{"start":{"line":38,"column":0},"end":{"line":38,"column":67}},"39":{"start":{"line":40,"column":0},"end":{"line":40,"column":17}},"40":{"start":{"line":41,"column":0},"end":{"line":41,"column":52}},"41":{"start":{"line":42,"column":0},"end":{"line":42,"column":146}},"42":{"start":{"line":43,"column":0},"end":{"line":43,"column":11}},"47":{"start":{"line":48,"column":0},"end":{"line":48,"column":5}},"49":{"start":{"line":50,"column":0},"end":{"line":50,"column":31}},"50":{"start":{"line":51,"column":0},"end":{"line":51,"column":3}},"51":{"start":{"line":52,"column":0},"end":{"line":52,"column":1}}},"s":{"0":0,"12":0,"13":0,"14":0,"15":0,"17":0,"18":0,"19":0,"21":0,"22":0,"23":0,"25":0,"26":0,"27":0,"28":0,"29":0,"30":0,"32":0,"33":0,"36":0,"37":0,"39":0,"40":0,"41":0,"42":0,"47":0,"49":0,"50":0,"51":0},"branchMap":{"0":{"type":"branch","line":1,"loc":{"start":{"line":1,"column":1765},"end":{"line":52,"column":1}},"locations":[{"start":{"line":1,"column":1765},"end":{"line":52,"column":1}}]}},"b":{"0":[0]},"fnMap":{"0":{"name":"(empty-report)","decl":{"start":{"line":1,"column":1765},"end":{"line":52,"column":1}},"loc":{"start":{"line":1,"column":1765},"end":{"line":52,"column":1}},"line":1}},"f":{"0":0}}
,"C:\\aniti_projects\\ArenaFlow\\ArenaFlow\\frontend\\src\\components\\ExploreHub.tsx": {"path":"C:\\aniti_projects\\ArenaFlow\\ArenaFlow\\frontend\\src\\components\\ExploreHub.tsx","all":false,"statementMap":{"0":{"start":{"line":1,"column":0},"end":{"line":1,"column":39}},"1":{"start":{"line":2,"column":0},"end":{"line":2,"column":77}},"2":{"start":{"line":3,"column":0},"end":{"line":3,"column":59}},"4":{"start":{"line":5,"column":0},"end":{"line":5,"column":26}},"5":{"start":{"line":6,"column":0},"end":{"line":6,"column":42}},"6":{"start":{"line":7,"column":0},"end":{"line":7,"column":46}},"7":{"start":{"line":8,"column":0},"end":{"line":8,"column":49}},"8":{"start":{"line":9,"column":0},"end":{"line":9,"column":30}},"9":{"start":{"line":10,"column":0},"end":{"line":10,"column":4}},"10":{"start":{"line":11,"column":0},"end":{"line":11,"column":39}},"11":{"start":{"line":12,"column":0},"end":{"line":12,"column":47}},"12":{"start":{"line":13,"column":0},"end":{"line":13,"column":50}},"13":{"start":{"line":14,"column":0},"end":{"line":14,"column":31}},"14":{"start":{"line":15,"column":0},"end":{"line":15,"column":4}},"16":{"start":{"line":17,"column":0},"end":{"line":17,"column":10}},"17":{"start":{"line":18,"column":0},"end":{"line":18,"column":50}},"18":{"start":{"line":19,"column":0},"end":{"line":19,"column":87}},"21":{"start":{"line":22,"column":0},"end":{"line":22,"column":62}},"22":{"start":{"line":23,"column":0},"end":{"line":23,"column":61}},"23":{"start":{"line":24,"column":0},"end":{"line":24,"column":114}},"24":{"start":{"line":25,"column":0},"end":{"line":25,"column":112}},"25":{"start":{"line":26,"column":0},"end":{"line":26,"column":102}},"27":{"start":{"line":28,"column":0},"end":{"line":28,"column":91}},"28":{"start":{"line":29,"column":0},"end":{"line":29,"column":93}},"29":{"start":{"line":30,"column":0},"end":{"line":30,"column":97}},"30":{"start":{"line":31,"column":0},"end":{"line":31,"column":95}},"31":{"start":{"line":32,"column":0},"end":{"line":32,"column":97}},"33":{"start":{"line":34,"column":0},"end":{"line":34,"column":12}},"34":{"start":{"line":35,"column":0},"end":{"line":35,"column":41}},"35":{"start":{"line":36,"column":0},"end":{"line":36,"column":42}},"36":{"start":{"line":37,"column":0},"end":{"line":37,"column":43}},"37":{"start":{"line":38,"column":0},"end":{"line":38,"column":42}},"38":{"start":{"line":39,"column":0},"end":{"line":39,"column":43}},"39":{"start":{"line":40,"column":0},"end":{"line":40,"column":22}},"40":{"start":{"line":41,"column":0},"end":{"line":41,"column":29}},"41":{"start":{"line":42,"column":0},"end":{"line":42,"column":118}},"42":{"start":{"line":43,"column":0},"end":{"line":43,"column":127}},"43":{"start":{"line":44,"column":0},"end":{"line":44,"column":25}},"48":{"start":{"line":49,"column":0},"end":{"line":49,"column":99}},"49":{"start":{"line":50,"column":0},"end":{"line":50,"column":117}},"50":{"start":{"line":51,"column":0},"end":{"line":51,"column":120}},"51":{"start":{"line":52,"column":0},"end":{"line":52,"column":119}},"56":{"start":{"line":57,"column":0},"end":{"line":57,"column":17}},"57":{"start":{"line":58,"column":0},"end":{"line":58,"column":71}},"58":{"start":{"line":59,"column":0},"end":{"line":59,"column":39}},"59":{"start":{"line":60,"column":0},"end":{"line":60,"column":38}},"61":{"start":{"line":62,"column":0},"end":{"line":62,"column":54}},"62":{"start":{"line":63,"column":0},"end":{"line":63,"column":61}},"63":{"start":{"line":64,"column":0},"end":{"line":64,"column":99}},"65":{"start":{"line":66,"column":0},"end":{"line":66,"column":59}},"66":{"start":{"line":67,"column":0},"end":{"line":67,"column":15}},"67":{"start":{"line":68,"column":0},"end":{"line":68,"column":102}},"68":{"start":{"line":69,"column":0},"end":{"line":69,"column":127}},"70":{"start":{"line":71,"column":0},"end":{"line":71,"column":21}},"71":{"start":{"line":72,"column":0},"end":{"line":72,"column":38}},"72":{"start":{"line":73,"column":0},"end":{"line":73,"column":60}},"74":{"start":{"line":75,"column":0},"end":{"line":75,"column":59}},"80":{"start":{"line":81,"column":0},"end":{"line":81,"column":98}},"81":{"start":{"line":82,"column":0},"end":{"line":82,"column":33}},"82":{"start":{"line":83,"column":0},"end":{"line":83,"column":32}},"83":{"start":{"line":84,"column":0},"end":{"line":84,"column":102}},"84":{"start":{"line":85,"column":0},"end":{"line":85,"column":53}},"85":{"start":{"line":86,"column":0},"end":{"line":86,"column":118}},"86":{"start":{"line":87,"column":0},"end":{"line":87,"column":47}},"87":{"start":{"line":88,"column":0},"end":{"line":88,"column":93}},"89":{"start":{"line":90,"column":0},"end":{"line":90,"column":91}},"92":{"start":{"line":93,"column":0},"end":{"line":93,"column":93}},"94":{"start":{"line":95,"column":0},"end":{"line":95,"column":55}},"95":{"start":{"line":96,"column":0},"end":{"line":96,"column":69}},"96":{"start":{"line":97,"column":0},"end":{"line":97,"column":102}},"97":{"start":{"line":98,"column":0},"end":{"line":98,"column":38}},"105":{"start":{"line":106,"column":0},"end":{"line":106,"column":2}},"107":{"start":{"line":108,"column":0},"end":{"line":108,"column":26}}},"s":{"0":1,"1":1,"2":1,"4":1,"5":2,"6":20,"7":20,"8":8,"9":8,"10":2,"11":10,"12":10,"13":4,"14":4,"16":2,"17":2,"18":2,"21":2,"22":2,"23":2,"24":2,"25":2,"27":2,"28":2,"29":2,"30":2,"31":2,"33":2,"34":2,"35":2,"36":2,"37":2,"38":2,"39":2,"40":2,"41":2,"42":2,"43":2,"48":2,"49":2,"50":2,"51":2,"56":2,"57":2,"58":2,"59":2,"61":2,"62":2,"63":2,"65":2,"66":2,"67":2,"68":2,"70":2,"71":2,"72":2,"74":2,"80":2,"81":2,"82":2,"83":2,"84":2,"85":2,"86":2,"87":4,"89":2,"92":2,"94":2,"95":2,"96":2,"97":2,"105":2,"107":1},"branchMap":{"0":{"type":"branch","line":5,"loc":{"start":{"line":5,"column":19},"end":{"line":106,"column":2}},"locations":[{"start":{"line":5,"column":19},"end":{"line":106,"column":2}}]},"1":{"type":"branch","line":6,"loc":{"start":{"line":6,"column":26},"end":{"line":10,"column":4}},"locations":[{"start":{"line":6,"column":26},"end":{"line":10,"column":4}}]},"2":{"type":"branch","line":7,"loc":{"start":{"line":7,"column":21},"end":{"line":7,"column":46}},"locations":[{"start":{"line":7,"column":21},"end":{"line":7,"column":46}}]},"3":{"type":"branch","line":7,"loc":{"start":{"line":7,"column":28},"end":{"line":8,"column":24}},"locations":[{"start":{"line":7,"column":28},"end":{"line":8,"column":24}}]},"4":{"type":"branch","line":8,"loc":{"start":{"line":8,"column":24},"end":{"line":8,"column":49}},"locations":[{"start":{"line":8,"column":24},"end":{"line":8,"column":49}}]},"5":{"type":"branch","line":8,"loc":{"start":{"line":8,"column":31},"end":{"line":10,"column":4}},"locations":[{"start":{"line":8,"column":31},"end":{"line":10,"column":4}}]},"6":{"type":"branch","line":11,"loc":{"start":{"line":11,"column":23},"end":{"line":15,"column":4}},"locations":[{"start":{"line":11,"column":23},"end":{"line":15,"column":4}}]},"7":{"type":"branch","line":12,"loc":{"start":{"line":12,"column":21},"end":{"line":12,"column":47}},"locations":[{"start":{"line":12,"column":21},"end":{"line":12,"column":47}}]},"8":{"type":"branch","line":12,"loc":{"start":{"line":12,"column":28},"end":{"line":13,"column":24}},"locations":[{"start":{"line":12,"column":28},"end":{"line":13,"column":24}}]},"9":{"type":"branch","line":13,"loc":{"start":{"line":13,"column":24},"end":{"line":13,"column":50}},"locations":[{"start":{"line":13,"column":24},"end":{"line":13,"column":50}}]},"10":{"type":"branch","line":13,"loc":{"start":{"line":13,"column":31},"end":{"line":15,"column":4}},"locations":[{"start":{"line":13,"column":31},"end":{"line":15,"column":4}}]},"11":{"type":"branch","line":87,"loc":{"start":{"line":87,"column":37},"end":{"line":90,"column":19}},"locations":[{"start":{"line":87,"column":37},"end":{"line":90,"column":19}}]}},"b":{"0":[2],"1":[20],"2":[8],"3":[12],"4":[4],"5":[8],"6":[10],"7":[4],"8":[6],"9":[2],"10":[4],"11":[4]},"fnMap":{"0":{"name":"ExploreHub","decl":{"start":{"line":5,"column":19},"end":{"line":106,"column":2}},"loc":{"start":{"line":5,"column":19},"end":{"line":106,"column":2}},"line":5},"1":{"name":"congestionColor","decl":{"start":{"line":6,"column":26},"end":{"line":10,"column":4}},"loc":{"start":{"line":6,"column":26},"end":{"line":10,"column":4}},"line":6},"2":{"name":"congestionBg","decl":{"start":{"line":11,"column":23},"end":{"line":15,"column":4}},"loc":{"start":{"line":11,"column":23},"end":{"line":15,"column":4}},"line":11}},"f":{"0":2,"1":20,"2":10}}
,"C:\\aniti_projects\\ArenaFlow\\ArenaFlow\\frontend\\src\\components\\FoodOrders.tsx": {"path":"C:\\aniti_projects\\ArenaFlow\\ArenaFlow\\frontend\\src\\components\\FoodOrders.tsx","all":false,"statementMap":{"0":{"start":{"line":1,"column":0},"end":{"line":1,"column":49}},"1":{"start":{"line":2,"column":0},"end":{"line":2,"column":59}},"3":{"start":{"line":4,"column":0},"end":{"line":4,"column":26}},"4":{"start":{"line":5,"column":0},"end":{"line":5,"column":37}},"5":{"start":{"line":6,"column":0},"end":{"line":6,"column":80}},"6":{"start":{"line":7,"column":0},"end":{"line":7,"column":82}},"7":{"start":{"line":8,"column":0},"end":{"line":8,"column":56}},"8":{"start":{"line":9,"column":0},"end":{"line":9,"column":4}},"10":{"start":{"line":11,"column":0},"end":{"line":11,"column":10}},"11":{"start":{"line":12,"column":0},"end":{"line":12,"column":50}},"12":{"start":{"line":13,"column":0},"end":{"line":13,"column":91}},"14":{"start":{"line":15,"column":0},"end":{"line":15,"column":33}},"15":{"start":{"line":16,"column":0},"end":{"line":16,"column":38}},"16":{"start":{"line":17,"column":0},"end":{"line":17,"column":76}},"17":{"start":{"line":18,"column":0},"end":{"line":18,"column":67}},"18":{"start":{"line":19,"column":0},"end":{"line":19,"column":19}},"19":{"start":{"line":20,"column":0},"end":{"line":20,"column":90}},"20":{"start":{"line":21,"column":0},"end":{"line":21,"column":85}},"22":{"start":{"line":23,"column":0},"end":{"line":23,"column":40}},"24":{"start":{"line":25,"column":0},"end":{"line":25,"column":63}},"25":{"start":{"line":26,"column":0},"end":{"line":26,"column":88}},"26":{"start":{"line":27,"column":0},"end":{"line":27,"column":97}},"27":{"start":{"line":28,"column":0},"end":{"line":28,"column":79}},"28":{"start":{"line":29,"column":0},"end":{"line":29,"column":64}},"29":{"start":{"line":30,"column":0},"end":{"line":30,"column":61}},"36":{"start":{"line":37,"column":0},"end":{"line":37,"column":214}},"41":{"start":{"line":42,"column":0},"end":{"line":42,"column":2}},"43":{"start":{"line":44,"column":0},"end":{"line":44,"column":26}}},"s":{"0":1,"1":1,"3":1,"4":2,"5":4,"6":4,"7":4,"8":4,"10":2,"11":2,"12":2,"14":2,"15":2,"16":2,"17":2,"18":2,"19":2,"20":2,"22":2,"24":2,"25":2,"26":2,"27":2,"28":2,"29":2,"36":2,"41":2,"43":1},"branchMap":{"0":{"type":"branch","line":4,"loc":{"start":{"line":4,"column":19},"end":{"line":42,"column":2}},"locations":[{"start":{"line":4,"column":19},"end":{"line":42,"column":2}}]},"1":{"type":"branch","line":5,"loc":{"start":{"line":5,"column":21},"end":{"line":9,"column":4}},"locations":[{"start":{"line":5,"column":21},"end":{"line":9,"column":4}}]},"2":{"type":"branch","line":28,"loc":{"start":{"line":28,"column":34},"end":{"line":28,"column":78}},"locations":[{"start":{"line":28,"column":34},"end":{"line":28,"column":78}}]},"3":{"type":"branch","line":29,"loc":{"start":{"line":29,"column":34},"end":{"line":29,"column":64}},"locations":[{"start":{"line":29,"column":34},"end":{"line":29,"column":64}}]},"4":{"type":"branch","line":30,"loc":{"start":{"line":30,"column":34},"end":{"line":30,"column":61}},"locations":[{"start":{"line":30,"column":34},"end":{"line":30,"column":61}}]}},"b":{"0":[2],"1":[4],"2":[2],"3":[2],"4":[0]},"fnMap":{"0":{"name":"FoodOrders","decl":{"start":{"line":4,"column":19},"end":{"line":42,"column":2}},"loc":{"start":{"line":4,"column":19},"end":{"line":42,"column":2}},"line":4},"1":{"name":"statusIcon","decl":{"start":{"line":5,"column":21},"end":{"line":9,"column":4}},"loc":{"start":{"line":5,"column":21},"end":{"line":9,"column":4}},"line":5}},"f":{"0":2,"1":4}}
,"C:\\aniti_projects\\ArenaFlow\\ArenaFlow\\frontend\\src\\components\\GhostCard.tsx": {"path":"C:\\aniti_projects\\ArenaFlow\\ArenaFlow\\frontend\\src\\components\\GhostCard.tsx","all":false,"statementMap":{"0":{"start":{"line":1,"column":0},"end":{"line":1,"column":44}},"1":{"start":{"line":2,"column":0},"end":{"line":2,"column":39}},"7":{"start":{"line":8,"column":0},"end":{"line":8,"column":51}},"8":{"start":{"line":9,"column":0},"end":{"line":9,"column":10}},"9":{"start":{"line":10,"column":0},"end":{"line":10,"column":52}},"10":{"start":{"line":11,"column":0},"end":{"line":11,"column":20}},"11":{"start":{"line":12,"column":0},"end":{"line":12,"column":24}},"12":{"start":{"line":13,"column":0},"end":{"line":13,"column":193}},"13":{"start":{"line":14,"column":0},"end":{"line":14,"column":39}},"14":{"start":{"line":15,"column":0},"end":{"line":15,"column":34}},"16":{"start":{"line":17,"column":0},"end":{"line":17,"column":156}},"18":{"start":{"line":19,"column":0},"end":{"line":19,"column":19}},"19":{"start":{"line":20,"column":0},"end":{"line":20,"column":118}},"20":{"start":{"line":21,"column":0},"end":{"line":21,"column":66}},"21":{"start":{"line":22,"column":0},"end":{"line":22,"column":56}},"23":{"start":{"line":24,"column":0},"end":{"line":24,"column":51}},"26":{"start":{"line":27,"column":0},"end":{"line":27,"column":42}},"27":{"start":{"line":28,"column":0},"end":{"line":28,"column":105}},"28":{"start":{"line":29,"column":0},"end":{"line":29,"column":116}},"31":{"start":{"line":32,"column":0},"end":{"line":32,"column":83}},"32":{"start":{"line":33,"column":0},"end":{"line":33,"column":53}},"33":{"start":{"line":34,"column":0},"end":{"line":34,"column":82}},"38":{"start":{"line":39,"column":0},"end":{"line":39,"column":2}},"40":{"start":{"line":41,"column":0},"end":{"line":41,"column":25}}},"s":{"0":1,"1":1,"7":1,"8":3,"9":3,"10":3,"11":3,"12":3,"13":3,"14":3,"16":3,"18":3,"19":3,"20":3,"21":3,"23":3,"26":3,"27":3,"28":3,"31":3,"32":3,"33":3,"38":3,"40":1},"branchMap":{"0":{"type":"branch","line":8,"loc":{"start":{"line":8,"column":18},"end":{"line":39,"column":2}},"locations":[{"start":{"line":8,"column":18},"end":{"line":39,"column":2}}]}},"b":{"0":[3]},"fnMap":{"0":{"name":"GhostCard","decl":{"start":{"line":8,"column":18},"end":{"line":39,"column":2}},"loc":{"start":{"line":8,"column":18},"end":{"line":39,"column":2}},"line":8}},"f":{"0":3}}
,"C:\\aniti_projects\\ArenaFlow\\ArenaFlow\\frontend\\src\\components\\HypeCard.tsx": {"path":"C:\\aniti_projects\\ArenaFlow\\ArenaFlow\\frontend\\src\\components\\HypeCard.tsx","all":false,"statementMap":{"0":{"start":{"line":1,"column":0},"end":{"line":1,"column":40}},"1":{"start":{"line":2,"column":0},"end":{"line":2,"column":39}},"2":{"start":{"line":3,"column":0},"end":{"line":3,"column":41}},"3":{"start":{"line":4,"column":0},"end":{"line":4,"column":77}},"5":{"start":{"line":6,"column":0},"end":{"line":6,"column":43}},"6":{"start":{"line":7,"column":0},"end":{"line":7,"column":24}},"7":{"start":{"line":8,"column":0},"end":{"line":8,"column":51}},"15":{"start":{"line":16,"column":0},"end":{"line":16,"column":59}},"16":{"start":{"line":17,"column":0},"end":{"line":17,"column":52}},"17":{"start":{"line":18,"column":0},"end":{"line":18,"column":93}},"18":{"start":{"line":19,"column":0},"end":{"line":19,"column":58}},"20":{"start":{"line":21,"column":0},"end":{"line":21,"column":25}},"21":{"start":{"line":22,"column":0},"end":{"line":22,"column":42}},"22":{"start":{"line":23,"column":0},"end":{"line":23,"column":28}},"23":{"start":{"line":24,"column":0},"end":{"line":24,"column":115}},"24":{"start":{"line":25,"column":0},"end":{"line":25,"column":23}},"25":{"start":{"line":26,"column":0},"end":{"line":26,"column":18}},"26":{"start":{"line":27,"column":0},"end":{"line":27,"column":45}},"27":{"start":{"line":28,"column":0},"end":{"line":28,"column":83}},"28":{"start":{"line":29,"column":0},"end":{"line":29,"column":10}},"29":{"start":{"line":30,"column":0},"end":{"line":30,"column":30}},"30":{"start":{"line":31,"column":0},"end":{"line":31,"column":51}},"31":{"start":{"line":32,"column":0},"end":{"line":32,"column":26}},"32":{"start":{"line":33,"column":0},"end":{"line":33,"column":28}},"33":{"start":{"line":34,"column":0},"end":{"line":34,"column":10}},"34":{"start":{"line":35,"column":0},"end":{"line":35,"column":8}},"35":{"start":{"line":36,"column":0},"end":{"line":36,"column":30}},"36":{"start":{"line":37,"column":0},"end":{"line":37,"column":21}},"37":{"start":{"line":38,"column":0},"end":{"line":38,"column":25}},"38":{"start":{"line":39,"column":0},"end":{"line":39,"column":31}},"39":{"start":{"line":40,"column":0},"end":{"line":40,"column":9}},"40":{"start":{"line":41,"column":0},"end":{"line":41,"column":8}},"41":{"start":{"line":42,"column":0},"end":{"line":42,"column":58}},"42":{"start":{"line":43,"column":0},"end":{"line":43,"column":45}},"43":{"start":{"line":44,"column":0},"end":{"line":44,"column":5}},"44":{"start":{"line":45,"column":0},"end":{"line":45,"column":32}},"46":{"start":{"line":47,"column":0},"end":{"line":47,"column":70}},"47":{"start":{"line":48,"column":0},"end":{"line":48,"column":26}},"48":{"start":{"line":49,"column":0},"end":{"line":49,"column":39}},"49":{"start":{"line":50,"column":0},"end":{"line":50,"column":30}},"50":{"start":{"line":51,"column":0},"end":{"line":51,"column":16}},"51":{"start":{"line":52,"column":0},"end":{"line":52,"column":14}},"52":{"start":{"line":53,"column":0},"end":{"line":53,"column":15}},"53":{"start":{"line":54,"column":0},"end":{"line":54,"column":26}},"54":{"start":{"line":55,"column":0},"end":{"line":55,"column":28}},"55":{"start":{"line":56,"column":0},"end":{"line":56,"column":44}},"56":{"start":{"line":57,"column":0},"end":{"line":57,"column":4}},"58":{"start":{"line":59,"column":0},"end":{"line":59,"column":19}},"59":{"start":{"line":60,"column":0},"end":{"line":60,"column":89}},"61":{"start":{"line":62,"column":0},"end":{"line":62,"column":10}},"62":{"start":{"line":63,"column":0},"end":{"line":63,"column":75}},"64":{"start":{"line":65,"column":0},"end":{"line":65,"column":17}},"65":{"start":{"line":66,"column":0},"end":{"line":66,"column":48}},"66":{"start":{"line":67,"column":0},"end":{"line":67,"column":37}},"67":{"start":{"line":68,"column":0},"end":{"line":68,"column":39}},"68":{"start":{"line":69,"column":0},"end":{"line":69,"column":38}},"71":{"start":{"line":72,"column":0},"end":{"line":72,"column":106}},"74":{"start":{"line":75,"column":0},"end":{"line":75,"column":19}},"75":{"start":{"line":76,"column":0},"end":{"line":76,"column":59}},"76":{"start":{"line":77,"column":0},"end":{"line":77,"column":51}},"77":{"start":{"line":78,"column":0},"end":{"line":78,"column":52}},"78":{"start":{"line":79,"column":0},"end":{"line":79,"column":84}},"79":{"start":{"line":80,"column":0},"end":{"line":80,"column":49}},"82":{"start":{"line":83,"column":0},"end":{"line":83,"column":14}},"83":{"start":{"line":84,"column":0},"end":{"line":84,"column":40}},"84":{"start":{"line":85,"column":0},"end":{"line":85,"column":88}},"87":{"start":{"line":88,"column":0},"end":{"line":88,"column":167}},"88":{"start":{"line":89,"column":0},"end":{"line":89,"column":98}},"90":{"start":{"line":91,"column":0},"end":{"line":91,"column":20}},"91":{"start":{"line":92,"column":0},"end":{"line":92,"column":35}},"92":{"start":{"line":93,"column":0},"end":{"line":93,"column":73}},"93":{"start":{"line":94,"column":0},"end":{"line":94,"column":36}},"97":{"start":{"line":98,"column":0},"end":{"line":98,"column":131}},"100":{"start":{"line":101,"column":0},"end":{"line":101,"column":54}},"103":{"start":{"line":104,"column":0},"end":{"line":104,"column":88}},"104":{"start":{"line":105,"column":0},"end":{"line":105,"column":68}},"105":{"start":{"line":106,"column":0},"end":{"line":106,"column":113}},"106":{"start":{"line":107,"column":0},"end":{"line":107,"column":103}},"107":{"start":{"line":108,"column":0},"end":{"line":108,"column":33}},"111":{"start":{"line":112,"column":0},"end":{"line":112,"column":40}},"112":{"start":{"line":113,"column":0},"end":{"line":113,"column":96}},"113":{"start":{"line":114,"column":0},"end":{"line":114,"column":39}},"115":{"start":{"line":116,"column":0},"end":{"line":116,"column":85}},"116":{"start":{"line":117,"column":0},"end":{"line":117,"column":45}},"118":{"start":{"line":119,"column":0},"end":{"line":119,"column":91}},"128":{"start":{"line":129,"column":0},"end":{"line":129,"column":14}},"129":{"start":{"line":130,"column":0},"end":{"line":130,"column":40}},"130":{"start":{"line":131,"column":0},"end":{"line":131,"column":20}},"131":{"start":{"line":132,"column":0},"end":{"line":132,"column":43}},"132":{"start":{"line":133,"column":0},"end":{"line":133,"column":49}},"133":{"start":{"line":134,"column":0},"end":{"line":134,"column":43}},"134":{"start":{"line":135,"column":0},"end":{"line":135,"column":14}},"136":{"start":{"line":137,"column":0},"end":{"line":137,"column":168}},"137":{"start":{"line":138,"column":0},"end":{"line":138,"column":145}},"139":{"start":{"line":140,"column":0},"end":{"line":140,"column":70}},"140":{"start":{"line":141,"column":0},"end":{"line":141,"column":161}},"144":{"start":{"line":145,"column":0},"end":{"line":145,"column":88}},"145":{"start":{"line":146,"column":0},"end":{"line":146,"column":77}},"146":{"start":{"line":147,"column":0},"end":{"line":147,"column":56}},"147":{"start":{"line":148,"column":0},"end":{"line":148,"column":89}},"151":{"start":{"line":152,"column":0},"end":{"line":152,"column":103}},"155":{"start":{"line":156,"column":0},"end":{"line":156,"column":85}},"156":{"start":{"line":157,"column":0},"end":{"line":157,"column":99}},"157":{"start":{"line":158,"column":0},"end":{"line":158,"column":30}},"158":{"start":{"line":159,"column":0},"end":{"line":159,"column":41}},"159":{"start":{"line":160,"column":0},"end":{"line":160,"column":32}},"160":{"start":{"line":161,"column":0},"end":{"line":161,"column":31}},"161":{"start":{"line":162,"column":0},"end":{"line":162,"column":43}},"162":{"start":{"line":163,"column":0},"end":{"line":163,"column":39}},"163":{"start":{"line":164,"column":0},"end":{"line":164,"column":39}},"164":{"start":{"line":165,"column":0},"end":{"line":165,"column":59}},"167":{"start":{"line":168,"column":0},"end":{"line":168,"column":89}},"173":{"start":{"line":174,"column":0},"end":{"line":174,"column":149}},"174":{"start":{"line":175,"column":0},"end":{"line":175,"column":20}},"175":{"start":{"line":176,"column":0},"end":{"line":176,"column":58}},"176":{"start":{"line":177,"column":0},"end":{"line":177,"column":54}},"177":{"start":{"line":178,"column":0},"end":{"line":178,"column":56}},"178":{"start":{"line":179,"column":0},"end":{"line":179,"column":32}},"179":{"start":{"line":180,"column":0},"end":{"line":180,"column":78}},"180":{"start":{"line":181,"column":0},"end":{"line":181,"column":97}},"181":{"start":{"line":182,"column":0},"end":{"line":182,"column":33}},"183":{"start":{"line":184,"column":0},"end":{"line":184,"column":95}},"189":{"start":{"line":190,"column":0},"end":{"line":190,"column":74}},"190":{"start":{"line":191,"column":0},"end":{"line":191,"column":109}},"191":{"start":{"line":192,"column":0},"end":{"line":192,"column":101}},"192":{"start":{"line":193,"column":0},"end":{"line":193,"column":75}},"195":{"start":{"line":196,"column":0},"end":{"line":196,"column":38}},"196":{"start":{"line":197,"column":0},"end":{"line":197,"column":133}},"198":{"start":{"line":199,"column":0},"end":{"line":199,"column":64}},"199":{"start":{"line":200,"column":0},"end":{"line":200,"column":48}},"200":{"start":{"line":201,"column":0},"end":{"line":201,"column":36}},"201":{"start":{"line":202,"column":0},"end":{"line":202,"column":38}},"202":{"start":{"line":203,"column":0},"end":{"line":203,"column":174}},"203":{"start":{"line":204,"column":0},"end":{"line":204,"column":112}},"205":{"start":{"line":206,"column":0},"end":{"line":206,"column":98}},"206":{"start":{"line":207,"column":0},"end":{"line":207,"column":122}},"212":{"start":{"line":213,"column":0},"end":{"line":213,"column":46}},"213":{"start":{"line":214,"column":0},"end":{"line":214,"column":27}},"214":{"start":{"line":215,"column":0},"end":{"line":215,"column":212}},"215":{"start":{"line":216,"column":0},"end":{"line":216,"column":58}},"217":{"start":{"line":218,"column":0},"end":{"line":218,"column":58}},"223":{"start":{"line":224,"column":0},"end":{"line":224,"column":23}},"224":{"start":{"line":225,"column":0},"end":{"line":225,"column":172}},"225":{"start":{"line":226,"column":0},"end":{"line":226,"column":54}},"227":{"start":{"line":228,"column":0},"end":{"line":228,"column":47}},"237":{"start":{"line":238,"column":0},"end":{"line":238,"column":2}},"239":{"start":{"line":240,"column":0},"end":{"line":240,"column":24}}},"s":{"0":1,"1":1,"2":1,"3":1,"5":1,"6":1,"7":1,"15":1,"16":33,"17":33,"18":33,"20":33,"21":31,"22":1,"23":1,"24":1,"25":1,"26":1,"27":1,"28":1,"29":1,"30":1,"31":1,"32":1,"33":1,"34":1,"35":1,"36":1,"37":0,"38":0,"39":0,"40":0,"41":1,"42":1,"43":1,"44":33,"46":33,"47":33,"48":1,"49":1,"50":1,"51":1,"52":1,"53":1,"54":1,"55":1,"56":1,"58":33,"59":33,"61":33,"62":33,"64":33,"65":33,"66":33,"67":33,"68":33,"71":33,"74":33,"75":33,"76":33,"77":33,"78":33,"79":33,"82":33,"83":33,"84":33,"87":33,"88":33,"90":33,"91":33,"92":33,"93":33,"97":33,"100":33,"103":33,"104":33,"105":33,"106":33,"107":33,"111":33,"112":33,"113":33,"115":33,"116":33,"118":33,"128":33,"129":33,"130":33,"131":33,"132":33,"133":33,"134":33,"136":33,"137":33,"139":33,"140":33,"144":33,"145":33,"146":33,"147":33,"151":33,"155":33,"156":33,"157":33,"158":33,"159":33,"160":33,"161":33,"162":33,"163":33,"164":33,"167":33,"173":33,"174":33,"175":33,"176":33,"177":33,"178":33,"179":33,"180":33,"181":33,"183":33,"189":33,"190":33,"191":33,"192":33,"195":33,"196":1,"198":33,"199":33,"200":33,"201":33,"202":33,"203":33,"205":33,"206":33,"212":33,"213":33,"214":33,"215":33,"217":33,"223":33,"224":33,"225":33,"227":33,"237":33,"239":1},"branchMap":{"0":{"type":"branch","line":16,"loc":{"start":{"line":16,"column":42},"end":{"line":238,"column":2}},"locations":[{"start":{"line":16,"column":42},"end":{"line":238,"column":2}}]},"1":{"type":"branch","line":48,"loc":{"start":{"line":48,"column":15},"end":{"line":57,"column":4}},"locations":[{"start":{"line":48,"column":15},"end":{"line":57,"column":4}}]},"2":{"type":"branch","line":60,"loc":{"start":{"line":60,"column":18},"end":{"line":60,"column":41}},"locations":[{"start":{"line":60,"column":18},"end":{"line":60,"column":41}}]},"3":{"type":"branch","line":60,"loc":{"start":{"line":60,"column":27},"end":{"line":60,"column":89}},"locations":[{"start":{"line":60,"column":27},"end":{"line":60,"column":89}}]},"4":{"type":"branch","line":60,"loc":{"start":{"line":60,"column":55},"end":{"line":60,"column":78}},"locations":[{"start":{"line":60,"column":55},"end":{"line":60,"column":78}}]},"5":{"type":"branch","line":60,"loc":{"start":{"line":60,"column":66},"end":{"line":60,"column":89}},"locations":[{"start":{"line":60,"column":66},"end":{"line":60,"column":89}}]},"6":{"type":"branch","line":78,"loc":{"start":{"line":78,"column":30},"end":{"line":78,"column":48}},"locations":[{"start":{"line":78,"column":30},"end":{"line":78,"column":48}}]},"7":{"type":"branch","line":78,"loc":{"start":{"line":78,"column":42},"end":{"line":78,"column":50}},"locations":[{"start":{"line":78,"column":42},"end":{"line":78,"column":50}}]},"8":{"type":"branch","line":196,"loc":{"start":{"line":196,"column":22},"end":{"line":199,"column":25}},"locations":[{"start":{"line":196,"column":22},"end":{"line":199,"column":25}}]},"9":{"type":"branch","line":21,"loc":{"start":{"line":21,"column":18},"end":{"line":45,"column":5}},"locations":[{"start":{"line":21,"column":18},"end":{"line":45,"column":5}}]},"10":{"type":"branch","line":22,"loc":{"start":{"line":22,"column":8},"end":{"line":22,"column":41}},"locations":[{"start":{"line":22,"column":8},"end":{"line":22,"column":41}}]},"11":{"type":"branch","line":22,"loc":{"start":{"line":22,"column":41},"end":{"line":44,"column":5}},"locations":[{"start":{"line":22,"column":41},"end":{"line":44,"column":5}}]},"12":{"type":"branch","line":42,"loc":{"start":{"line":42,"column":13},"end":{"line":42,"column":58}},"locations":[{"start":{"line":42,"column":13},"end":{"line":42,"column":58}}]},"13":{"type":"branch","line":43,"loc":{"start":{"line":43,"column":15},"end":{"line":43,"column":45}},"locations":[{"start":{"line":43,"column":15},"end":{"line":43,"column":45}}]},"14":{"type":"branch","line":80,"loc":{"start":{"line":80,"column":19},"end":{"line":80,"column":49}},"locations":[{"start":{"line":80,"column":19},"end":{"line":80,"column":49}}]},"15":{"type":"branch","line":80,"loc":{"start":{"line":80,"column":38},"end":{"line":80,"column":49}},"locations":[{"start":{"line":80,"column":38},"end":{"line":80,"column":49}}]},"16":{"type":"branch","line":216,"loc":{"start":{"line":216,"column":31},"end":{"line":216,"column":58}},"locations":[{"start":{"line":216,"column":31},"end":{"line":216,"column":58}}]}},"b":{"0":[33],"1":[1],"2":[27],"3":[6],"4":[2],"5":[4],"6":[2],"7":[31],"8":[1],"9":[31],"10":[1],"11":[1],"12":[1],"13":[1],"14":[1],"15":[1],"16":[1]},"fnMap":{"0":{"name":"HypeCard","decl":{"start":{"line":16,"column":42},"end":{"line":238,"column":2}},"loc":{"start":{"line":16,"column":42},"end":{"line":238,"column":2}},"line":16},"1":{"name":"onClick","decl":{"start":{"line":80,"column":19},"end":{"line":80,"column":49}},"loc":{"start":{"line":80,"column":19},"end":{"line":80,"column":49}},"line":80},"2":{"name":"onClick","decl":{"start":{"line":216,"column":31},"end":{"line":216,"column":58}},"loc":{"start":{"line":216,"column":31},"end":{"line":216,"column":58}},"line":216},"3":{"name":"onClick","decl":{"start":{"line":226,"column":27},"end":{"line":226,"column":54}},"loc":{"start":{"line":226,"column":27},"end":{"line":226,"column":54}},"line":226}},"f":{"0":33,"1":1,"2":1,"3":0}}
,"C:\\aniti_projects\\ArenaFlow\\ArenaFlow\\frontend\\src\\components\\LoginScreen.tsx": {"path":"C:\\aniti_projects\\ArenaFlow\\ArenaFlow\\frontend\\src\\components\\LoginScreen.tsx","all":false,"statementMap":{"0":{"start":{"line":1,"column":0},"end":{"line":1,"column":39}},"1":{"start":{"line":2,"column":0},"end":{"line":2,"column":48}},"7":{"start":{"line":8,"column":0},"end":{"line":8,"column":56}},"8":{"start":{"line":9,"column":0},"end":{"line":9,"column":10}},"9":{"start":{"line":10,"column":0},"end":{"line":10,"column":101}},"11":{"start":{"line":12,"column":0},"end":{"line":12,"column":10}},"12":{"start":{"line":13,"column":0},"end":{"line":13,"column":23}},"13":{"start":{"line":14,"column":0},"end":{"line":14,"column":14}},"14":{"start":{"line":15,"column":0},"end":{"line":15,"column":63}},"15":{"start":{"line":16,"column":0},"end":{"line":16,"column":55}},"17":{"start":{"line":18,"column":0},"end":{"line":18,"column":113}},"20":{"start":{"line":21,"column":0},"end":{"line":21,"column":17}},"21":{"start":{"line":22,"column":0},"end":{"line":22,"column":62}},"22":{"start":{"line":23,"column":0},"end":{"line":23,"column":39}},"23":{"start":{"line":24,"column":0},"end":{"line":24,"column":38}},"24":{"start":{"line":25,"column":0},"end":{"line":25,"column":38}},"27":{"start":{"line":28,"column":0},"end":{"line":28,"column":43}},"28":{"start":{"line":29,"column":0},"end":{"line":29,"column":98}},"29":{"start":{"line":30,"column":0},"end":{"line":30,"column":90}},"33":{"start":{"line":34,"column":0},"end":{"line":34,"column":65}},"34":{"start":{"line":35,"column":0},"end":{"line":35,"column":111}},"36":{"start":{"line":37,"column":0},"end":{"line":37,"column":24}},"37":{"start":{"line":38,"column":0},"end":{"line":38,"column":162}},"38":{"start":{"line":39,"column":0},"end":{"line":39,"column":60}},"39":{"start":{"line":40,"column":0},"end":{"line":40,"column":38}},"40":{"start":{"line":41,"column":0},"end":{"line":41,"column":29}},"42":{"start":{"line":43,"column":0},"end":{"line":43,"column":57}},"43":{"start":{"line":44,"column":0},"end":{"line":44,"column":160}},"44":{"start":{"line":45,"column":0},"end":{"line":45,"column":180}},"45":{"start":{"line":46,"column":0},"end":{"line":46,"column":172}},"46":{"start":{"line":47,"column":0},"end":{"line":47,"column":178}},"47":{"start":{"line":48,"column":0},"end":{"line":48,"column":18}},"51":{"start":{"line":52,"column":0},"end":{"line":52,"column":44}},"52":{"start":{"line":53,"column":0},"end":{"line":53,"column":109}},"58":{"start":{"line":59,"column":0},"end":{"line":59,"column":2}},"60":{"start":{"line":61,"column":0},"end":{"line":61,"column":27}}},"s":{"0":1,"1":1,"7":1,"8":3,"9":3,"11":3,"12":3,"13":3,"14":3,"15":3,"17":3,"20":3,"21":3,"22":3,"23":3,"24":3,"27":3,"28":3,"29":3,"33":3,"34":3,"36":3,"37":3,"38":3,"39":3,"40":3,"42":3,"43":3,"44":3,"45":3,"46":3,"47":3,"51":3,"52":3,"58":3,"60":1},"branchMap":{"0":{"type":"branch","line":8,"loc":{"start":{"line":8,"column":20},"end":{"line":59,"column":2}},"locations":[{"start":{"line":8,"column":20},"end":{"line":59,"column":2}}]}},"b":{"0":[3]},"fnMap":{"0":{"name":"LoginScreen","decl":{"start":{"line":8,"column":20},"end":{"line":59,"column":2}},"loc":{"start":{"line":8,"column":20},"end":{"line":59,"column":2}},"line":8}},"f":{"0":3}}
,"C:\\aniti_projects\\ArenaFlow\\ArenaFlow\\frontend\\src\\components\\NavLink.tsx": {"path":"C:\\aniti_projects\\ArenaFlow\\ArenaFlow\\frontend\\src\\components\\NavLink.tsx","all":false,"statementMap":{"0":{"start":{"line":1,"column":0},"end":{"line":1,"column":74}},"10":{"start":{"line":11,"column":0},"end":{"line":11,"column":66}},"11":{"start":{"line":12,"column":0},"end":{"line":12,"column":76}},"12":{"start":{"line":13,"column":0},"end":{"line":13,"column":12}},"13":{"start":{"line":14,"column":0},"end":{"line":14,"column":20}},"14":{"start":{"line":15,"column":0},"end":{"line":15,"column":17}},"15":{"start":{"line":16,"column":0},"end":{"line":16,"column":15}},"16":{"start":{"line":17,"column":0},"end":{"line":17,"column":47}},"17":{"start":{"line":18,"column":0},"end":{"line":18,"column":83}},"19":{"start":{"line":20,"column":0},"end":{"line":20,"column":18}},"22":{"start":{"line":23,"column":0},"end":{"line":23,"column":4}},"25":{"start":{"line":26,"column":0},"end":{"line":26,"column":32}}},"s":{"0":1,"10":1,"11":1,"12":2,"13":2,"14":2,"15":2,"16":2,"17":2,"19":2,"22":2,"25":1},"branchMap":{"0":{"type":"branch","line":12,"loc":{"start":{"line":12,"column":2},"end":{"line":23,"column":4}},"locations":[{"start":{"line":12,"column":2},"end":{"line":23,"column":4}}]},"1":{"type":"branch","line":17,"loc":{"start":{"line":17,"column":19},"end":{"line":18,"column":83}},"locations":[{"start":{"line":17,"column":19},"end":{"line":18,"column":83}}]},"2":{"type":"branch","line":18,"loc":{"start":{"line":18,"column":24},"end":{"line":18,"column":53}},"locations":[{"start":{"line":18,"column":24},"end":{"line":18,"column":53}}]},"3":{"type":"branch","line":18,"loc":{"start":{"line":18,"column":53},"end":{"line":18,"column":83}},"locations":[{"start":{"line":18,"column":53},"end":{"line":18,"column":83}}]}},"b":{"0":[2],"1":[2],"2":[0],"3":[0]},"fnMap":{"0":{"name":"className","decl":{"start":{"line":17,"column":19},"end":{"line":18,"column":83}},"loc":{"start":{"line":17,"column":19},"end":{"line":18,"column":83}},"line":17}},"f":{"0":2}}
,"C:\\aniti_projects\\ArenaFlow\\ArenaFlow\\frontend\\src\\components\\ProfileView.tsx": {"path":"C:\\aniti_projects\\ArenaFlow\\ArenaFlow\\frontend\\src\\components\\ProfileView.tsx","all":false,"statementMap":{"0":{"start":{"line":1,"column":0},"end":{"line":1,"column":45}},"1":{"start":{"line":2,"column":0},"end":{"line":2,"column":86}},"3":{"start":{"line":4,"column":0},"end":{"line":4,"column":27}},"4":{"start":{"line":5,"column":0},"end":{"line":5,"column":10}},"5":{"start":{"line":6,"column":0},"end":{"line":6,"column":50}},"6":{"start":{"line":7,"column":0},"end":{"line":7,"column":87}},"8":{"start":{"line":9,"column":0},"end":{"line":9,"column":86}},"9":{"start":{"line":10,"column":0},"end":{"line":10,"column":95}},"10":{"start":{"line":11,"column":0},"end":{"line":11,"column":51}},"12":{"start":{"line":13,"column":0},"end":{"line":13,"column":13}},"13":{"start":{"line":14,"column":0},"end":{"line":14,"column":97}},"14":{"start":{"line":15,"column":0},"end":{"line":15,"column":83}},"18":{"start":{"line":19,"column":0},"end":{"line":19,"column":33}},"19":{"start":{"line":20,"column":0},"end":{"line":20,"column":10}},"20":{"start":{"line":21,"column":0},"end":{"line":21,"column":81}},"21":{"start":{"line":22,"column":0},"end":{"line":22,"column":89}},"22":{"start":{"line":23,"column":0},"end":{"line":23,"column":73}},"23":{"start":{"line":24,"column":0},"end":{"line":24,"column":76}},"24":{"start":{"line":25,"column":0},"end":{"line":25,"column":48}},"25":{"start":{"line":26,"column":0},"end":{"line":26,"column":110}},"26":{"start":{"line":27,"column":0},"end":{"line":27,"column":53}},"27":{"start":{"line":28,"column":0},"end":{"line":28,"column":36}},"28":{"start":{"line":29,"column":0},"end":{"line":29,"column":91}},"29":{"start":{"line":30,"column":0},"end":{"line":30,"column":69}},"31":{"start":{"line":32,"column":0},"end":{"line":32,"column":70}},"37":{"start":{"line":38,"column":0},"end":{"line":38,"column":2}},"39":{"start":{"line":40,"column":0},"end":{"line":40,"column":27}}},"s":{"0":1,"1":1,"3":1,"4":2,"5":2,"6":2,"8":2,"9":2,"10":2,"12":2,"13":2,"14":2,"18":2,"19":2,"20":2,"21":2,"22":2,"23":2,"24":2,"25":2,"26":2,"27":2,"28":2,"29":2,"31":2,"37":2,"39":1},"branchMap":{"0":{"type":"branch","line":4,"loc":{"start":{"line":4,"column":20},"end":{"line":38,"column":2}},"locations":[{"start":{"line":4,"column":20},"end":{"line":38,"column":2}}]}},"b":{"0":[2]},"fnMap":{"0":{"name":"ProfileView","decl":{"start":{"line":4,"column":20},"end":{"line":38,"column":2}},"loc":{"start":{"line":4,"column":20},"end":{"line":38,"column":2}},"line":4}},"f":{"0":2}}
,"C:\\aniti_projects\\ArenaFlow\\ArenaFlow\\frontend\\src\\components\\StaffView.tsx": {"path":"C:\\aniti_projects\\ArenaFlow\\ArenaFlow\\frontend\\src\\components\\StaffView.tsx","all":false,"statementMap":{"0":{"start":{"line":1,"column":0},"end":{"line":1,"column":33}},"1":{"start":{"line":2,"column":0},"end":{"line":2,"column":56}},"2":{"start":{"line":3,"column":0},"end":{"line":3,"column":80}},"8":{"start":{"line":9,"column":0},"end":{"line":9,"column":51}},"9":{"start":{"line":10,"column":0},"end":{"line":10,"column":54}},"11":{"start":{"line":12,"column":0},"end":{"line":12,"column":10}},"12":{"start":{"line":13,"column":0},"end":{"line":13,"column":90}},"14":{"start":{"line":15,"column":0},"end":{"line":15,"column":63}},"15":{"start":{"line":16,"column":0},"end":{"line":16,"column":147}},"16":{"start":{"line":17,"column":0},"end":{"line":17,"column":36}},"17":{"start":{"line":18,"column":0},"end":{"line":18,"column":11}},"20":{"start":{"line":21,"column":0},"end":{"line":21,"column":131}},"21":{"start":{"line":22,"column":0},"end":{"line":22,"column":49}},"22":{"start":{"line":23,"column":0},"end":{"line":23,"column":22}},"23":{"start":{"line":24,"column":0},"end":{"line":24,"column":54}},"24":{"start":{"line":25,"column":0},"end":{"line":25,"column":88}},"27":{"start":{"line":28,"column":0},"end":{"line":28,"column":81}},"28":{"start":{"line":29,"column":0},"end":{"line":29,"column":139}},"30":{"start":{"line":31,"column":0},"end":{"line":31,"column":49}},"31":{"start":{"line":32,"column":0},"end":{"line":32,"column":110}},"32":{"start":{"line":33,"column":0},"end":{"line":33,"column":103}},"37":{"start":{"line":38,"column":0},"end":{"line":38,"column":92}},"38":{"start":{"line":39,"column":0},"end":{"line":39,"column":10}},"39":{"start":{"line":40,"column":0},"end":{"line":40,"column":61}},"40":{"start":{"line":41,"column":0},"end":{"line":41,"column":62}},"41":{"start":{"line":42,"column":0},"end":{"line":42,"column":64}},"42":{"start":{"line":43,"column":0},"end":{"line":43,"column":65}},"43":{"start":{"line":44,"column":0},"end":{"line":44,"column":27}},"44":{"start":{"line":45,"column":0},"end":{"line":45,"column":117}},"47":{"start":{"line":48,"column":0},"end":{"line":48,"column":19}},"48":{"start":{"line":49,"column":0},"end":{"line":49,"column":53}},"49":{"start":{"line":50,"column":0},"end":{"line":50,"column":98}},"50":{"start":{"line":51,"column":0},"end":{"line":51,"column":50}},"51":{"start":{"line":52,"column":0},"end":{"line":52,"column":77}},"54":{"start":{"line":55,"column":0},"end":{"line":55,"column":92}},"58":{"start":{"line":59,"column":0},"end":{"line":59,"column":42}},"59":{"start":{"line":60,"column":0},"end":{"line":60,"column":15}},"60":{"start":{"line":61,"column":0},"end":{"line":61,"column":45}},"61":{"start":{"line":62,"column":0},"end":{"line":62,"column":150}},"62":{"start":{"line":63,"column":0},"end":{"line":63,"column":136}},"63":{"start":{"line":64,"column":0},"end":{"line":64,"column":9}},"69":{"start":{"line":70,"column":0},"end":{"line":70,"column":23}},"70":{"start":{"line":71,"column":0},"end":{"line":71,"column":24}},"71":{"start":{"line":72,"column":0},"end":{"line":72,"column":21}},"72":{"start":{"line":73,"column":0},"end":{"line":73,"column":71}},"73":{"start":{"line":74,"column":0},"end":{"line":74,"column":91}},"74":{"start":{"line":75,"column":0},"end":{"line":75,"column":35}},"75":{"start":{"line":76,"column":0},"end":{"line":76,"column":30}},"76":{"start":{"line":77,"column":0},"end":{"line":77,"column":32}},"77":{"start":{"line":78,"column":0},"end":{"line":78,"column":72}},"79":{"start":{"line":80,"column":0},"end":{"line":80,"column":68}},"80":{"start":{"line":81,"column":0},"end":{"line":81,"column":55}},"81":{"start":{"line":82,"column":0},"end":{"line":82,"column":92}},"82":{"start":{"line":83,"column":0},"end":{"line":83,"column":133}},"84":{"start":{"line":85,"column":0},"end":{"line":85,"column":59}},"85":{"start":{"line":86,"column":0},"end":{"line":86,"column":63}},"89":{"start":{"line":90,"column":0},"end":{"line":90,"column":58}},"90":{"start":{"line":91,"column":0},"end":{"line":91,"column":139}},"91":{"start":{"line":92,"column":0},"end":{"line":92,"column":86}},"93":{"start":{"line":94,"column":0},"end":{"line":94,"column":19}},"94":{"start":{"line":95,"column":0},"end":{"line":95,"column":82}},"95":{"start":{"line":96,"column":0},"end":{"line":96,"column":94}},"99":{"start":{"line":100,"column":0},"end":{"line":100,"column":148}},"100":{"start":{"line":101,"column":0},"end":{"line":101,"column":66}},"101":{"start":{"line":102,"column":0},"end":{"line":102,"column":21}},"102":{"start":{"line":103,"column":0},"end":{"line":103,"column":84}},"103":{"start":{"line":104,"column":0},"end":{"line":104,"column":107}},"105":{"start":{"line":106,"column":0},"end":{"line":106,"column":21}},"106":{"start":{"line":107,"column":0},"end":{"line":107,"column":82}},"107":{"start":{"line":108,"column":0},"end":{"line":108,"column":83}},"109":{"start":{"line":110,"column":0},"end":{"line":110,"column":21}},"110":{"start":{"line":111,"column":0},"end":{"line":111,"column":81}},"111":{"start":{"line":112,"column":0},"end":{"line":112,"column":85}},"116":{"start":{"line":117,"column":0},"end":{"line":117,"column":19}},"117":{"start":{"line":118,"column":0},"end":{"line":118,"column":50}},"118":{"start":{"line":119,"column":0},"end":{"line":119,"column":126}},"119":{"start":{"line":120,"column":0},"end":{"line":120,"column":140}},"120":{"start":{"line":121,"column":0},"end":{"line":121,"column":13}},"128":{"start":{"line":129,"column":0},"end":{"line":129,"column":2}},"130":{"start":{"line":131,"column":0},"end":{"line":131,"column":25}}},"s":{"0":1,"1":1,"2":1,"8":1,"9":4,"11":4,"12":4,"14":4,"15":4,"16":4,"17":4,"20":4,"21":4,"22":4,"23":4,"24":4,"27":4,"28":4,"30":4,"31":4,"32":4,"37":4,"38":4,"39":4,"40":4,"41":4,"42":4,"43":4,"44":4,"47":4,"48":4,"49":4,"50":4,"51":4,"54":4,"58":4,"59":4,"60":4,"61":4,"62":4,"63":4,"69":4,"70":4,"71":4,"72":4,"73":4,"74":4,"75":4,"76":4,"77":4,"79":4,"80":4,"81":4,"82":4,"84":4,"85":4,"89":4,"90":4,"91":4,"93":4,"94":4,"95":4,"99":4,"100":4,"101":4,"102":4,"103":4,"105":4,"106":4,"107":4,"109":4,"110":4,"111":4,"116":4,"117":4,"118":4,"119":4,"120":4,"128":4,"130":1},"branchMap":{"0":{"type":"branch","line":9,"loc":{"start":{"line":9,"column":18},"end":{"line":129,"column":2}},"locations":[{"start":{"line":9,"column":18},"end":{"line":129,"column":2}}]},"1":{"type":"branch","line":61,"loc":{"start":{"line":61,"column":19},"end":{"line":61,"column":45}},"locations":[{"start":{"line":61,"column":19},"end":{"line":61,"column":45}}]}},"b":{"0":[4],"1":[1]},"fnMap":{"0":{"name":"StaffView","decl":{"start":{"line":9,"column":18},"end":{"line":129,"column":2}},"loc":{"start":{"line":9,"column":18},"end":{"line":129,"column":2}},"line":9},"1":{"name":"onClick","decl":{"start":{"line":61,"column":19},"end":{"line":61,"column":45}},"loc":{"start":{"line":61,"column":19},"end":{"line":61,"column":45}},"line":61},"2":{"name":"onClick","decl":{"start":{"line":85,"column":31},"end":{"line":85,"column":59}},"loc":{"start":{"line":85,"column":31},"end":{"line":85,"column":59}},"line":85},"3":{"name":"onClick","decl":{"start":{"line":118,"column":23},"end":{"line":118,"column":50}},"loc":{"start":{"line":118,"column":23},"end":{"line":118,"column":50}},"line":118}},"f":{"0":4,"1":1,"2":0,"3":0}}
,"C:\\aniti_projects\\ArenaFlow\\ArenaFlow\\frontend\\src\\lib\\api\\barcode2FA.ts": {"path":"C:\\aniti_projects\\ArenaFlow\\ArenaFlow\\frontend\\src\\lib\\api\\barcode2FA.ts","all":false,"statementMap":{"0":{"start":{"line":1,"column":0},"end":{"line":1,"column":24}},"11":{"start":{"line":12,"column":0},"end":{"line":12,"column":3}},"15":{"start":{"line":16,"column":0},"end":{"line":16,"column":3}},"16":{"start":{"line":17,"column":0},"end":{"line":17,"column":61}},"17":{"start":{"line":18,"column":0},"end":{"line":18,"column":14}},"18":{"start":{"line":19,"column":0},"end":{"line":19,"column":29}},"19":{"start":{"line":20,"column":0},"end":{"line":20,"column":25}},"20":{"start":{"line":21,"column":0},"end":{"line":21,"column":1}},"22":{"start":{"line":23,"column":0},"end":{"line":23,"column":49}},"23":{"start":{"line":24,"column":0},"end":{"line":24,"column":22}},"24":{"start":{"line":25,"column":0},"end":{"line":25,"column":24}},"25":{"start":{"line":26,"column":0},"end":{"line":26,"column":3}},"27":{"start":{"line":28,"column":0},"end":{"line":28,"column":3}},"34":{"start":{"line":35,"column":0},"end":{"line":35,"column":3}},"35":{"start":{"line":36,"column":0},"end":{"line":36,"column":90}},"36":{"start":{"line":37,"column":0},"end":{"line":37,"column":80}},"38":{"start":{"line":39,"column":0},"end":{"line":39,"column":29}},"39":{"start":{"line":40,"column":0},"end":{"line":40,"column":13}},"40":{"start":{"line":41,"column":0},"end":{"line":41,"column":23}},"41":{"start":{"line":42,"column":0},"end":{"line":42,"column":16}},"42":{"start":{"line":43,"column":0},"end":{"line":43,"column":36}},"43":{"start":{"line":44,"column":0},"end":{"line":44,"column":43}},"44":{"start":{"line":45,"column":0},"end":{"line":45,"column":46}},"45":{"start":{"line":46,"column":0},"end":{"line":46,"column":9}},"46":{"start":{"line":47,"column":0},"end":{"line":47,"column":7}},"47":{"start":{"line":48,"column":0},"end":{"line":48,"column":3}},"49":{"start":{"line":50,"column":0},"end":{"line":50,"column":75}},"50":{"start":{"line":51,"column":0},"end":{"line":51,"column":57}},"52":{"start":{"line":53,"column":0},"end":{"line":53,"column":56}},"53":{"start":{"line":54,"column":0},"end":{"line":54,"column":12}},"54":{"start":{"line":55,"column":0},"end":{"line":55,"column":21}},"55":{"start":{"line":56,"column":0},"end":{"line":56,"column":95}},"56":{"start":{"line":57,"column":0},"end":{"line":57,"column":6}},"57":{"start":{"line":58,"column":0},"end":{"line":58,"column":3}},"59":{"start":{"line":60,"column":0},"end":{"line":60,"column":36}},"60":{"start":{"line":61,"column":0},"end":{"line":61,"column":12}},"61":{"start":{"line":62,"column":0},"end":{"line":62,"column":21}},"62":{"start":{"line":63,"column":0},"end":{"line":63,"column":80}},"63":{"start":{"line":64,"column":0},"end":{"line":64,"column":6}},"64":{"start":{"line":65,"column":0},"end":{"line":65,"column":3}},"66":{"start":{"line":67,"column":0},"end":{"line":67,"column":40}},"67":{"start":{"line":68,"column":0},"end":{"line":68,"column":12}},"68":{"start":{"line":69,"column":0},"end":{"line":69,"column":21}},"69":{"start":{"line":70,"column":0},"end":{"line":70,"column":86}},"70":{"start":{"line":71,"column":0},"end":{"line":71,"column":6}},"71":{"start":{"line":72,"column":0},"end":{"line":72,"column":3}},"73":{"start":{"line":74,"column":0},"end":{"line":74,"column":62}},"74":{"start":{"line":75,"column":0},"end":{"line":75,"column":49}},"76":{"start":{"line":77,"column":0},"end":{"line":77,"column":39}},"77":{"start":{"line":78,"column":0},"end":{"line":78,"column":29}},"78":{"start":{"line":79,"column":0},"end":{"line":79,"column":3}},"80":{"start":{"line":81,"column":0},"end":{"line":81,"column":10}},"81":{"start":{"line":82,"column":0},"end":{"line":82,"column":19}},"82":{"start":{"line":83,"column":0},"end":{"line":83,"column":12}},"83":{"start":{"line":84,"column":0},"end":{"line":84,"column":34}},"84":{"start":{"line":85,"column":0},"end":{"line":85,"column":83}},"85":{"start":{"line":86,"column":0},"end":{"line":86,"column":6}},"86":{"start":{"line":87,"column":0},"end":{"line":87,"column":4}},"87":{"start":{"line":88,"column":0},"end":{"line":88,"column":1}},"89":{"start":{"line":90,"column":0},"end":{"line":90,"column":60}},"90":{"start":{"line":91,"column":0},"end":{"line":91,"column":23}},"91":{"start":{"line":92,"column":0},"end":{"line":92,"column":37}},"92":{"start":{"line":93,"column":0},"end":{"line":93,"column":57}},"93":{"start":{"line":94,"column":0},"end":{"line":94,"column":58}},"94":{"start":{"line":95,"column":0},"end":{"line":95,"column":26}},"95":{"start":{"line":96,"column":0},"end":{"line":96,"column":29}},"96":{"start":{"line":97,"column":0},"end":{"line":97,"column":22}},"97":{"start":{"line":98,"column":0},"end":{"line":98,"column":21}},"98":{"start":{"line":99,"column":0},"end":{"line":99,"column":21}},"99":{"start":{"line":100,"column":0},"end":{"line":100,"column":20}},"100":{"start":{"line":101,"column":0},"end":{"line":101,"column":12}},"101":{"start":{"line":102,"column":0},"end":{"line":102,"column":9}},"102":{"start":{"line":103,"column":0},"end":{"line":103,"column":9}},"103":{"start":{"line":104,"column":0},"end":{"line":104,"column":9}},"104":{"start":{"line":105,"column":0},"end":{"line":105,"column":4}},"106":{"start":{"line":107,"column":0},"end":{"line":107,"column":60}},"107":{"start":{"line":108,"column":0},"end":{"line":108,"column":1}},"109":{"start":{"line":110,"column":0},"end":{"line":110,"column":3}},"115":{"start":{"line":116,"column":0},"end":{"line":116,"column":3}},"116":{"start":{"line":117,"column":0},"end":{"line":117,"column":47}},"117":{"start":{"line":118,"column":0},"end":{"line":118,"column":18}},"118":{"start":{"line":119,"column":0},"end":{"line":119,"column":19}},"120":{"start":{"line":121,"column":0},"end":{"line":121,"column":38}},"121":{"start":{"line":122,"column":0},"end":{"line":122,"column":12}},"122":{"start":{"line":123,"column":0},"end":{"line":123,"column":21}},"123":{"start":{"line":124,"column":0},"end":{"line":124,"column":14}},"124":{"start":{"line":125,"column":0},"end":{"line":125,"column":29}},"125":{"start":{"line":126,"column":0},"end":{"line":126,"column":42}},"126":{"start":{"line":127,"column":0},"end":{"line":127,"column":8}},"127":{"start":{"line":128,"column":0},"end":{"line":128,"column":6}},"128":{"start":{"line":129,"column":0},"end":{"line":129,"column":3}},"130":{"start":{"line":131,"column":0},"end":{"line":131,"column":48}},"131":{"start":{"line":132,"column":0},"end":{"line":132,"column":1}}},"s":{"0":1,"11":1,"15":1,"16":1,"17":32,"18":32,"19":32,"20":32,"22":1,"23":1,"24":1,"25":1,"27":1,"34":1,"35":1,"36":18,"38":18,"39":0,"40":0,"41":0,"42":0,"43":0,"44":0,"45":0,"46":0,"47":0,"49":18,"50":18,"52":18,"53":3,"54":3,"55":3,"56":3,"57":3,"59":18,"60":2,"61":2,"62":2,"63":2,"64":2,"66":18,"67":3,"68":3,"69":3,"70":3,"71":3,"73":10,"74":10,"76":18,"77":6,"78":6,"80":4,"81":4,"82":4,"83":4,"84":4,"85":4,"86":4,"87":4,"89":1,"90":6,"91":6,"92":6,"93":6,"94":6,"95":6,"96":6,"97":6,"98":6,"99":6,"100":6,"101":6,"102":6,"103":6,"104":6,"106":6,"107":6,"109":1,"115":1,"116":1,"117":1,"118":1,"120":1,"121":1,"122":1,"123":1,"124":1,"125":1,"126":1,"127":1,"128":1,"130":0,"131":0},"branchMap":{"0":{"type":"branch","line":17,"loc":{"start":{"line":17,"column":7},"end":{"line":21,"column":1}},"locations":[{"start":{"line":17,"column":7},"end":{"line":21,"column":1}}]},"1":{"type":"branch","line":36,"loc":{"start":{"line":36,"column":7},"end":{"line":88,"column":1}},"locations":[{"start":{"line":36,"column":7},"end":{"line":88,"column":1}}]},"2":{"type":"branch","line":39,"loc":{"start":{"line":39,"column":28},"end":{"line":48,"column":3}},"locations":[{"start":{"line":39,"column":28},"end":{"line":48,"column":3}}]},"3":{"type":"branch","line":53,"loc":{"start":{"line":53,"column":7},"end":{"line":53,"column":55}},"locations":[{"start":{"line":53,"column":7},"end":{"line":53,"column":55}}]},"4":{"type":"branch","line":53,"loc":{"start":{"line":53,"column":55},"end":{"line":58,"column":3}},"locations":[{"start":{"line":53,"column":55},"end":{"line":58,"column":3}}]},"5":{"type":"branch","line":58,"loc":{"start":{"line":58,"column":2},"end":{"line":60,"column":35}},"locations":[{"start":{"line":58,"column":2},"end":{"line":60,"column":35}}]},"6":{"type":"branch","line":60,"loc":{"start":{"line":60,"column":35},"end":{"line":65,"column":3}},"locations":[{"start":{"line":60,"column":35},"end":{"line":65,"column":3}}]},"7":{"type":"branch","line":65,"loc":{"start":{"line":65,"column":2},"end":{"line":67,"column":39}},"locations":[{"start":{"line":65,"column":2},"end":{"line":67,"column":39}}]},"8":{"type":"branch","line":67,"loc":{"start":{"line":67,"column":39},"end":{"line":72,"column":3}},"locations":[{"start":{"line":67,"column":39},"end":{"line":72,"column":3}}]},"9":{"type":"branch","line":72,"loc":{"start":{"line":72,"column":2},"end":{"line":77,"column":38}},"locations":[{"start":{"line":72,"column":2},"end":{"line":77,"column":38}}]},"10":{"type":"branch","line":77,"loc":{"start":{"line":77,"column":38},"end":{"line":79,"column":3}},"locations":[{"start":{"line":77,"column":38},"end":{"line":79,"column":3}}]},"11":{"type":"branch","line":79,"loc":{"start":{"line":79,"column":2},"end":{"line":88,"column":1}},"locations":[{"start":{"line":79,"column":2},"end":{"line":88,"column":1}}]},"12":{"type":"branch","line":90,"loc":{"start":{"line":90,"column":7},"end":{"line":108,"column":1}},"locations":[{"start":{"line":90,"column":7},"end":{"line":108,"column":1}}]},"13":{"type":"branch","line":107,"loc":{"start":{"line":107,"column":26},"end":{"line":107,"column":60}},"locations":[{"start":{"line":107,"column":26},"end":{"line":107,"column":60}}]},"14":{"type":"branch","line":117,"loc":{"start":{"line":117,"column":7},"end":{"line":132,"column":1}},"locations":[{"start":{"line":117,"column":7},"end":{"line":132,"column":1}}]},"15":{"type":"branch","line":129,"loc":{"start":{"line":129,"column":2},"end":{"line":132,"column":1}},"locations":[{"start":{"line":129,"column":2},"end":{"line":132,"column":1}}]}},"b":{"0":[32],"1":[18],"2":[0],"3":[15],"4":[3],"5":[15],"6":[2],"7":[13],"8":[3],"9":[10],"10":[6],"11":[4],"12":[6],"13":[26],"14":[1],"15":[0]},"fnMap":{"0":{"name":"sanitizeBarcodeInput","decl":{"start":{"line":17,"column":7},"end":{"line":21,"column":1}},"loc":{"start":{"line":17,"column":7},"end":{"line":21,"column":1}},"line":17},"1":{"name":"verifyBarcodeLast4","decl":{"start":{"line":36,"column":7},"end":{"line":88,"column":1}},"loc":{"start":{"line":36,"column":7},"end":{"line":88,"column":1}},"line":36},"2":{"name":"detectSQLInjection","decl":{"start":{"line":90,"column":7},"end":{"line":108,"column":1}},"loc":{"start":{"line":90,"column":7},"end":{"line":108,"column":1}},"line":90},"3":{"name":"verifyBarcodeWithSecurityCheck","decl":{"start":{"line":117,"column":7},"end":{"line":132,"column":1}},"loc":{"start":{"line":117,"column":7},"end":{"line":132,"column":1}},"line":117}},"f":{"0":32,"1":18,"2":6,"3":1}}
,"C:\\aniti_projects\\ArenaFlow\\ArenaFlow\\frontend\\src\\lib\\api\\checkin.ts": {"path":"C:\\aniti_projects\\ArenaFlow\\ArenaFlow\\frontend\\src\\lib\\api\\checkin.ts","all":false,"statementMap":{"0":{"start":{"line":1,"column":0},"end":{"line":1,"column":24}},"23":{"start":{"line":24,"column":0},"end":{"line":24,"column":49}},"24":{"start":{"line":25,"column":0},"end":{"line":25,"column":90}},"25":{"start":{"line":26,"column":0},"end":{"line":26,"column":2}},"27":{"start":{"line":28,"column":0},"end":{"line":28,"column":96}},"28":{"start":{"line":29,"column":0},"end":{"line":29,"column":93}},"32":{"start":{"line":33,"column":0},"end":{"line":33,"column":2}},"34":{"start":{"line":35,"column":0},"end":{"line":35,"column":58}},"35":{"start":{"line":36,"column":0},"end":{"line":36,"column":71}},"36":{"start":{"line":37,"column":0},"end":{"line":37,"column":2}},"38":{"start":{"line":39,"column":0},"end":{"line":39,"column":44}},"39":{"start":{"line":40,"column":0},"end":{"line":40,"column":71}},"40":{"start":{"line":41,"column":0},"end":{"line":41,"column":36}},"41":{"start":{"line":42,"column":0},"end":{"line":42,"column":3}},"43":{"start":{"line":44,"column":0},"end":{"line":44,"column":3}},"50":{"start":{"line":51,"column":0},"end":{"line":51,"column":3}},"51":{"start":{"line":52,"column":0},"end":{"line":52,"column":35}},"52":{"start":{"line":53,"column":0},"end":{"line":53,"column":15}},"53":{"start":{"line":54,"column":0},"end":{"line":54,"column":22}},"55":{"start":{"line":56,"column":0},"end":{"line":56,"column":74}},"56":{"start":{"line":57,"column":0},"end":{"line":57,"column":28}},"57":{"start":{"line":58,"column":0},"end":{"line":58,"column":12}},"58":{"start":{"line":59,"column":0},"end":{"line":59,"column":22}},"59":{"start":{"line":60,"column":0},"end":{"line":60,"column":118}},"60":{"start":{"line":61,"column":0},"end":{"line":61,"column":5}},"61":{"start":{"line":62,"column":0},"end":{"line":62,"column":3}},"62":{"start":{"line":63,"column":0},"end":{"line":63,"column":47}},"63":{"start":{"line":64,"column":0},"end":{"line":64,"column":81}},"65":{"start":{"line":66,"column":0},"end":{"line":66,"column":24}},"66":{"start":{"line":67,"column":0},"end":{"line":67,"column":12}},"67":{"start":{"line":68,"column":0},"end":{"line":68,"column":21}},"68":{"start":{"line":69,"column":0},"end":{"line":69,"column":14}},"69":{"start":{"line":70,"column":0},"end":{"line":70,"column":41}},"70":{"start":{"line":71,"column":0},"end":{"line":71,"column":109}},"71":{"start":{"line":72,"column":0},"end":{"line":72,"column":18}},"72":{"start":{"line":73,"column":0},"end":{"line":73,"column":58}},"73":{"start":{"line":74,"column":0},"end":{"line":74,"column":10}},"74":{"start":{"line":75,"column":0},"end":{"line":75,"column":8}},"75":{"start":{"line":76,"column":0},"end":{"line":76,"column":6}},"76":{"start":{"line":77,"column":0},"end":{"line":77,"column":3}},"78":{"start":{"line":79,"column":0},"end":{"line":79,"column":53}},"79":{"start":{"line":80,"column":0},"end":{"line":80,"column":39}},"80":{"start":{"line":81,"column":0},"end":{"line":81,"column":40}},"81":{"start":{"line":82,"column":0},"end":{"line":82,"column":14}},"82":{"start":{"line":83,"column":0},"end":{"line":83,"column":23}},"83":{"start":{"line":84,"column":0},"end":{"line":84,"column":16}},"84":{"start":{"line":85,"column":0},"end":{"line":85,"column":41}},"85":{"start":{"line":86,"column":0},"end":{"line":86,"column":96}},"86":{"start":{"line":87,"column":0},"end":{"line":87,"column":20}},"87":{"start":{"line":88,"column":0},"end":{"line":88,"column":42}},"88":{"start":{"line":89,"column":0},"end":{"line":89,"column":74}},"89":{"start":{"line":90,"column":0},"end":{"line":90,"column":12}},"90":{"start":{"line":91,"column":0},"end":{"line":91,"column":10}},"91":{"start":{"line":92,"column":0},"end":{"line":92,"column":8}},"92":{"start":{"line":93,"column":0},"end":{"line":93,"column":5}},"93":{"start":{"line":94,"column":0},"end":{"line":94,"column":3}},"95":{"start":{"line":96,"column":0},"end":{"line":96,"column":47}},"96":{"start":{"line":97,"column":0},"end":{"line":97,"column":51}},"98":{"start":{"line":99,"column":0},"end":{"line":99,"column":25}},"99":{"start":{"line":100,"column":0},"end":{"line":100,"column":22}},"100":{"start":{"line":101,"column":0},"end":{"line":101,"column":16}},"101":{"start":{"line":102,"column":0},"end":{"line":102,"column":23}},"102":{"start":{"line":103,"column":0},"end":{"line":103,"column":5}},"103":{"start":{"line":104,"column":0},"end":{"line":104,"column":33}},"105":{"start":{"line":106,"column":0},"end":{"line":106,"column":37}},"106":{"start":{"line":107,"column":0},"end":{"line":107,"column":88}},"107":{"start":{"line":108,"column":0},"end":{"line":108,"column":97}},"108":{"start":{"line":109,"column":0},"end":{"line":109,"column":5}},"110":{"start":{"line":111,"column":0},"end":{"line":111,"column":43}},"111":{"start":{"line":112,"column":0},"end":{"line":112,"column":103}},"112":{"start":{"line":113,"column":0},"end":{"line":113,"column":19}},"113":{"start":{"line":114,"column":0},"end":{"line":114,"column":14}},"114":{"start":{"line":115,"column":0},"end":{"line":115,"column":41}},"115":{"start":{"line":116,"column":0},"end":{"line":116,"column":79}},"116":{"start":{"line":117,"column":0},"end":{"line":117,"column":6}},"117":{"start":{"line":118,"column":0},"end":{"line":118,"column":26}},"118":{"start":{"line":119,"column":0},"end":{"line":119,"column":31}},"119":{"start":{"line":120,"column":0},"end":{"line":120,"column":16}},"120":{"start":{"line":121,"column":0},"end":{"line":121,"column":47}},"121":{"start":{"line":122,"column":0},"end":{"line":122,"column":31}},"122":{"start":{"line":123,"column":0},"end":{"line":123,"column":41}},"123":{"start":{"line":124,"column":0},"end":{"line":124,"column":43}},"124":{"start":{"line":125,"column":0},"end":{"line":125,"column":39}},"125":{"start":{"line":126,"column":0},"end":{"line":126,"column":7}},"126":{"start":{"line":127,"column":0},"end":{"line":127,"column":6}},"127":{"start":{"line":128,"column":0},"end":{"line":128,"column":57}},"129":{"start":{"line":130,"column":0},"end":{"line":130,"column":68}},"131":{"start":{"line":132,"column":0},"end":{"line":132,"column":10}},"132":{"start":{"line":133,"column":0},"end":{"line":133,"column":18}},"133":{"start":{"line":134,"column":0},"end":{"line":134,"column":49}},"134":{"start":{"line":135,"column":0},"end":{"line":135,"column":21}},"135":{"start":{"line":136,"column":0},"end":{"line":136,"column":18}},"136":{"start":{"line":137,"column":0},"end":{"line":137,"column":8}},"137":{"start":{"line":138,"column":0},"end":{"line":138,"column":4}},"138":{"start":{"line":139,"column":0},"end":{"line":139,"column":1}},"140":{"start":{"line":141,"column":0},"end":{"line":141,"column":45}},"141":{"start":{"line":142,"column":0},"end":{"line":142,"column":77}},"142":{"start":{"line":143,"column":0},"end":{"line":143,"column":3}},"144":{"start":{"line":145,"column":0},"end":{"line":145,"column":3}},"149":{"start":{"line":150,"column":0},"end":{"line":150,"column":3}},"150":{"start":{"line":151,"column":0},"end":{"line":151,"column":46}},"151":{"start":{"line":152,"column":0},"end":{"line":152,"column":42}},"153":{"start":{"line":154,"column":0},"end":{"line":154,"column":63}},"154":{"start":{"line":155,"column":0},"end":{"line":155,"column":28}},"155":{"start":{"line":156,"column":0},"end":{"line":156,"column":12}},"156":{"start":{"line":157,"column":0},"end":{"line":157,"column":22}},"157":{"start":{"line":158,"column":0},"end":{"line":158,"column":118}},"158":{"start":{"line":159,"column":0},"end":{"line":159,"column":5}},"159":{"start":{"line":160,"column":0},"end":{"line":160,"column":3}},"160":{"start":{"line":161,"column":0},"end":{"line":161,"column":25}},"161":{"start":{"line":162,"column":0},"end":{"line":162,"column":12}},"162":{"start":{"line":163,"column":0},"end":{"line":163,"column":21}},"163":{"start":{"line":164,"column":0},"end":{"line":164,"column":14}},"164":{"start":{"line":165,"column":0},"end":{"line":165,"column":39}},"165":{"start":{"line":166,"column":0},"end":{"line":166,"column":67}},"166":{"start":{"line":167,"column":0},"end":{"line":167,"column":18}},"167":{"start":{"line":168,"column":0},"end":{"line":168,"column":40}},"168":{"start":{"line":169,"column":0},"end":{"line":169,"column":10}},"169":{"start":{"line":170,"column":0},"end":{"line":170,"column":8}},"170":{"start":{"line":171,"column":0},"end":{"line":171,"column":6}},"171":{"start":{"line":172,"column":0},"end":{"line":172,"column":3}},"173":{"start":{"line":174,"column":0},"end":{"line":174,"column":47}},"174":{"start":{"line":175,"column":0},"end":{"line":175,"column":53}},"175":{"start":{"line":176,"column":0},"end":{"line":176,"column":35}},"176":{"start":{"line":177,"column":0},"end":{"line":177,"column":16}},"177":{"start":{"line":178,"column":0},"end":{"line":178,"column":24}},"178":{"start":{"line":179,"column":0},"end":{"line":179,"column":4}},"179":{"start":{"line":180,"column":0},"end":{"line":180,"column":92}},"181":{"start":{"line":182,"column":0},"end":{"line":182,"column":26}},"182":{"start":{"line":183,"column":0},"end":{"line":183,"column":74}},"184":{"start":{"line":185,"column":0},"end":{"line":185,"column":26}},"185":{"start":{"line":186,"column":0},"end":{"line":186,"column":103}},"186":{"start":{"line":187,"column":0},"end":{"line":187,"column":19}},"187":{"start":{"line":188,"column":0},"end":{"line":188,"column":14}},"188":{"start":{"line":189,"column":0},"end":{"line":189,"column":41}},"189":{"start":{"line":190,"column":0},"end":{"line":190,"column":79}},"190":{"start":{"line":191,"column":0},"end":{"line":191,"column":6}},"191":{"start":{"line":192,"column":0},"end":{"line":192,"column":26}},"192":{"start":{"line":193,"column":0},"end":{"line":193,"column":31}},"193":{"start":{"line":194,"column":0},"end":{"line":194,"column":16}},"194":{"start":{"line":195,"column":0},"end":{"line":195,"column":49}},"195":{"start":{"line":196,"column":0},"end":{"line":196,"column":33}},"196":{"start":{"line":197,"column":0},"end":{"line":197,"column":32}},"197":{"start":{"line":198,"column":0},"end":{"line":198,"column":22}},"198":{"start":{"line":199,"column":0},"end":{"line":199,"column":47}},"199":{"start":{"line":200,"column":0},"end":{"line":200,"column":39}},"200":{"start":{"line":201,"column":0},"end":{"line":201,"column":7}},"201":{"start":{"line":202,"column":0},"end":{"line":202,"column":6}},"202":{"start":{"line":203,"column":0},"end":{"line":203,"column":57}},"204":{"start":{"line":205,"column":0},"end":{"line":205,"column":10}},"205":{"start":{"line":206,"column":0},"end":{"line":206,"column":18}},"206":{"start":{"line":207,"column":0},"end":{"line":207,"column":23}},"207":{"start":{"line":208,"column":0},"end":{"line":208,"column":7}},"208":{"start":{"line":209,"column":0},"end":{"line":209,"column":28}},"209":{"start":{"line":210,"column":0},"end":{"line":210,"column":20}},"210":{"start":{"line":211,"column":0},"end":{"line":211,"column":8}},"212":{"start":{"line":213,"column":0},"end":{"line":213,"column":4}},"213":{"start":{"line":214,"column":0},"end":{"line":214,"column":1}},"215":{"start":{"line":216,"column":0},"end":{"line":216,"column":60}},"216":{"start":{"line":217,"column":0},"end":{"line":217,"column":39}},"217":{"start":{"line":218,"column":0},"end":{"line":218,"column":55}},"218":{"start":{"line":219,"column":0},"end":{"line":219,"column":1}},"220":{"start":{"line":221,"column":0},"end":{"line":221,"column":74}},"221":{"start":{"line":222,"column":0},"end":{"line":222,"column":53}},"222":{"start":{"line":223,"column":0},"end":{"line":223,"column":40}},"223":{"start":{"line":224,"column":0},"end":{"line":224,"column":1}}},"s":{"0":1,"23":1,"24":12,"25":12,"27":1,"28":12,"32":12,"34":1,"35":4,"36":4,"38":1,"39":1,"40":1,"41":1,"43":1,"50":1,"51":1,"52":10,"53":10,"55":10,"56":10,"57":0,"58":0,"59":0,"60":0,"61":0,"62":10,"63":10,"65":10,"66":2,"67":2,"68":2,"69":2,"70":2,"71":2,"72":2,"73":2,"74":2,"75":2,"76":2,"78":8,"79":10,"80":14,"81
[...]
{"line":143,"column":21}}]},"17":{"type":"branch","line":143,"loc":{"start":{"line":143,"column":21},"end":{"line":145,"column":13}},"locations":[{"start":{"line":143,"column":21},"end":{"line":145,"column":13}}]},"18":{"type":"branch","line":145,"loc":{"start":{"line":145,"column":6},"end":{"line":147,"column":7}},"locations":[{"start":{"line":145,"column":6},"end":{"line":147,"column":7}}]},"19":{"type":"branch","line":148,"loc":{"start":{"line":148,"column":6},"end":{"line":156,"column":5}},"locations":[{"start":{"line":148,"column":6},"end":{"line":156,"column":5}}]},"20":{"type":"branch","line":156,"loc":{"start":{"line":156,"column":4},"end":{"line":158,"column":32}},"locations":[{"start":{"line":156,"column":4},"end":{"line":158,"column":32}}]},"21":{"type":"branch","line":158,"loc":{"start":{"line":158,"column":32},"end":{"line":166,"column":5}},"locations":[{"start":{"line":158,"column":32},"end":{"line":166,"column":5}}]},"22":{"type":"branch","line":166,"loc":{"start":{"line":166,"column":4},"end":{"line":168,"column":44}},"locations":[{"start":{"line":166,"column":4},"end":{"line":168,"column":44}}]},"23":{"type":"branch","line":168,"loc":{"start":{"line":168,"column":46},"end":{"line":176,"column":5}},"locations":[{"start":{"line":168,"column":46},"end":{"line":176,"column":5}}]},"24":{"type":"branch","line":176,"loc":{"start":{"line":176,"column":4},"end":{"line":183,"column":35}},"locations":[{"start":{"line":176,"column":4},"end":{"line":183,"column":35}}]},"25":{"type":"branch","line":183,"loc":{"start":{"line":183,"column":31},"end":{"line":183,"column":45}},"locations":[{"start":{"line":183,"column":31},"end":{"line":183,"column":45}}]},"26":{"type":"branch","line":184,"loc":{"start":{"line":184,"column":27},"end":{"line":184,"column":35}},"locations":[{"start":{"line":184,"column":27},"end":{"line":184,"column":35}}]},"27":{"type":"branch","line":185,"loc":{"start":{"line":185,"column":23},"end":{"line":185,"column":31}},"locations":[{"start":{"line":185,"column":23},"end":{"line":185,"column":31}}]},"28":{"type":"branch","line":186,"loc":{"start":{"line":186,"column":25},"end":{"line":186,"column":33}},"locations":[{"start":{"line":186,"column":25},"end":{"line":186,"column":33}}]},"29":{"type":"branch","line":187,"loc":{"start":{"line":187,"column":65},"end":{"line":188,"column":23}},"locations":[{"start":{"line":187,"column":65},"end":{"line":188,"column":23}}]},"30":{"type":"branch","line":189,"loc":{"start":{"line":189,"column":-1},"end":{"line":189,"column":23}},"locations":[{"start":{"line":189,"column":-1},"end":{"line":189,"column":23}}]},"31":{"type":"branch","line":190,"loc":{"start":{"line":190,"column":33},"end":{"line":190,"column":45}},"locations":[{"start":{"line":190,"column":33},"end":{"line":190,"column":45}}]},"32":{"type":"branch","line":194,"loc":{"start":{"line":194,"column":4},"end":{"line":202,"column":3}},"locations":[{"start":{"line":194,"column":4},"end":{"line":202,"column":3}}]},"33":{"type":"branch","line":199,"loc":{"start":{"line":199,"column":55},"end":{"line":199,"column":83}},"locations":[{"start":{"line":199,"column":55},"end":{"line":199,"column":83}}]}},"b":{"0":[14],"1":[12],"2":[3],"3":[11],"4":[0],"5":[11],"6":[1],"7":[10],"8":[9],"9":[1],"10":[8],"11":[1],"12":[0],"13":[7],"14":[6],"15":[2],"16":[5],"17":[4],"18":[1],"19":[1],"20":[4],"21":[1],"22":[3],"23":[1],"24":[2],"25":[0],"26":[0],"27":[0],"28":[0],"29":[1],"30":[1],"31":[0],"32":[1],"33":[0]},"fnMap":{"0":{"name":"scanTicketImage","decl":{"start":{"line":50,"column":7},"end":{"line":203,"column":1}},"loc":{"start":{"line":50,"column":7},"end":{"line":203,"column":1}},"line":50}},"f":{"0":14}}
,"C:\\aniti_projects\\ArenaFlow\\ArenaFlow\\frontend\\src\\lib\\auth\\middleware.ts": {"path":"C:\\aniti_projects\\ArenaFlow\\ArenaFlow\\frontend\\src\\lib\\auth\\middleware.ts","all":false,"statementMap":{"16":{"start":{"line":17,"column":0},"end":{"line":17,"column":55}},"17":{"start":{"line":18,"column":0},"end":{"line":18,"column":33}},"18":{"start":{"line":19,"column":0},"end":{"line":19,"column":22}},"19":{"start":{"line":20,"column":0},"end":{"line":20,"column":22}},"20":{"start":{"line":21,"column":0},"end":{"line":21,"column":33}},"21":{"start":{"line":22,"column":0},"end":{"line":22,"column":40}},"22":{"start":{"line":23,"column":0},"end":{"line":23,"column":19}},"23":{"start":{"line":24,"column":0},"end":{"line":24,"column":2}},"25":{"start":{"line":26,"column":0},"end":{"line":26,"column":41}},"26":{"start":{"line":27,"column":0},"end":{"line":27,"column":49}},"28":{"start":{"line":29,"column":0},"end":{"line":29,"column":57}},"29":{"start":{"line":30,"column":0},"end":{"line":30,"column":28}},"31":{"start":{"line":32,"column":0},"end":{"line":32,"column":7}},"32":{"start":{"line":33,"column":0},"end":{"line":33,"column":49}},"33":{"start":{"line":34,"column":0},"end":{"line":34,"column":29}},"34":{"start":{"line":35,"column":0},"end":{"line":35,"column":11}},"35":{"start":{"line":36,"column":0},"end":{"line":36,"column":16}},"36":{"start":{"line":37,"column":0},"end":{"line":37,"column":3}},"37":{"start":{"line":38,"column":0},"end":{"line":38,"column":1}},"39":{"start":{"line":40,"column":0},"end":{"line":40,"column":51}},"40":{"start":{"line":41,"column":0},"end":{"line":41,"column":49}},"42":{"start":{"line":43,"column":0},"end":{"line":43,"column":57}},"43":{"start":{"line":44,"column":0},"end":{"line":44,"column":28}},"45":{"start":{"line":46,"column":0},"end":{"line":46,"column":7}},"46":{"start":{"line":47,"column":0},"end":{"line":47,"column":43}},"47":{"start":{"line":48,"column":0},"end":{"line":48,"column":11}},"48":{"start":{"line":49,"column":0},"end":{"line":49,"column":16}},"49":{"start":{"line":50,"column":0},"end":{"line":50,"column":3}},"50":{"start":{"line":51,"column":0},"end":{"line":51,"column":1}},"52":{"start":{"line":53,"column":0},"end":{"line":53,"column":44}},"53":{"start":{"line":54,"column":0},"end":{"line":54,"column":32}},"54":{"start":{"line":55,"column":0},"end":{"line":55,"column":1}},"56":{"start":{"line":57,"column":0},"end":{"line":57,"column":50}},"57":{"start":{"line":58,"column":0},"end":{"line":58,"column":36}},"58":{"start":{"line":59,"column":0},"end":{"line":59,"column":49}},"59":{"start":{"line":60,"column":0},"end":{"line":60,"column":30}},"60":{"start":{"line":61,"column":0},"end":{"line":61,"column":1}},"62":{"start":{"line":63,"column":0},"end":{"line":63,"column":80}},"63":{"start":{"line":64,"column":0},"end":{"line":64,"column":45}},"64":{"start":{"line":65,"column":0},"end":{"line":65,"column":19}},"65":{"start":{"line":66,"column":0},"end":{"line":66,"column":36}},"66":{"start":{"line":67,"column":0},"end":{"line":67,"column":31}},"67":{"start":{"line":68,"column":0},"end":{"line":68,"column":5}},"68":{"start":{"line":69,"column":0},"end":{"line":69,"column":3}},"70":{"start":{"line":71,"column":0},"end":{"line":71,"column":74}},"71":{"start":{"line":72,"column":0},"end":{"line":72,"column":50}},"72":{"start":{"line":73,"column":0},"end":{"line":73,"column":40}},"73":{"start":{"line":74,"column":0},"end":{"line":74,"column":33}},"74":{"start":{"line":75,"column":0},"end":{"line":75,"column":7}},"76":{"start":{"line":77,"column":0},"end":{"line":77,"column":26}},"77":{"start":{"line":78,"column":0},"end":{"line":78,"column":16}},"78":{"start":{"line":79,"column":0},"end":{"line":79,"column":25}},"79":{"start":{"line":80,"column":0},"end":{"line":80,"column":31}},"80":{"start":{"line":81,"column":0},"end":{"line":81,"column":26}},"81":{"start":{"line":82,"column":0},"end":{"line":82,"column":50}},"82":{"start":{"line":83,"column":0},"end":{"line":83,"column":10}},"83":{"start":{"line":84,"column":0},"end":{"line":84,"column":7}},"85":{"start":{"line":86,"column":0},"end":{"line":86,"column":41}},"86":{"start":{"line":87,"column":0},"end":{"line":87,"column":60}},"87":{"start":{"line":88,"column":0},"end":{"line":88,"column":18}},"88":{"start":{"line":89,"column":0},"end":{"line":89,"column":27}},"89":{"start":{"line":90,"column":0},"end":{"line":90,"column":35}},"90":{"start":{"line":91,"column":0},"end":{"line":91,"column":28}},"91":{"start":{"line":92,"column":0},"end":{"line":92,"column":67}},"92":{"start":{"line":93,"column":0},"end":{"line":93,"column":12}},"93":{"start":{"line":94,"column":0},"end":{"line":94,"column":9}},"95":{"start":{"line":96,"column":0},"end":{"line":96,"column":58}},"96":{"start":{"line":97,"column":0},"end":{"line":97,"column":18}},"97":{"start":{"line":98,"column":0},"end":{"line":98,"column":27}},"98":{"start":{"line":99,"column":0},"end":{"line":99,"column":28}},"99":{"start":{"line":100,"column":0},"end":{"line":100,"column":70}},"100":{"start":{"line":101,"column":0},"end":{"line":101,"column":12}},"101":{"start":{"line":102,"column":0},"end":{"line":102,"column":9}},"103":{"start":{"line":104,"column":0},"end":{"line":104,"column":54}},"104":{"start":{"line":105,"column":0},"end":{"line":105,"column":18}},"105":{"start":{"line":106,"column":0},"end":{"line":106,"column":27}},"106":{"start":{"line":107,"column":0},"end":{"line":107,"column":33}},"107":{"start":{"line":108,"column":0},"end":{"line":108,"column":28}},"108":{"start":{"line":109,"column":0},"end":{"line":109,"column":69}},"109":{"start":{"line":110,"column":0},"end":{"line":110,"column":12}},"110":{"start":{"line":111,"column":0},"end":{"line":111,"column":9}},"112":{"start":{"line":113,"column":0},"end":{"line":113,"column":16}},"113":{"start":{"line":114,"column":0},"end":{"line":114,"column":25}},"114":{"start":{"line":115,"column":0},"end":{"line":115,"column":26}},"115":{"start":{"line":116,"column":0},"end":{"line":116,"column":54}},"116":{"start":{"line":117,"column":0},"end":{"line":117,"column":10}},"117":{"start":{"line":118,"column":0},"end":{"line":118,"column":7}},"118":{"start":{"line":119,"column":0},"end":{"line":119,"column":5}},"119":{"start":{"line":120,"column":0},"end":{"line":120,"column":3}},"121":{"start":{"line":122,"column":0},"end":{"line":122,"column":27}},"122":{"start":{"line":123,"column":0},"end":{"line":123,"column":1}},"124":{"start":{"line":125,"column":0},"end":{"line":125,"column":61}},"125":{"start":{"line":126,"column":0},"end":{"line":126,"column":29}},"126":{"start":{"line":127,"column":0},"end":{"line":127,"column":36}},"127":{"start":{"line":128,"column":0},"end":{"line":128,"column":1}},"129":{"start":{"line":130,"column":0},"end":{"line":130,"column":58}},"130":{"start":{"line":131,"column":0},"end":{"line":131,"column":44}},"132":{"start":{"line":133,"column":0},"end":{"line":133,"column":13}},"133":{"start":{"line":134,"column":0},"end":{"line":134,"column":65}},"134":{"start":{"line":135,"column":0},"end":{"line":135,"column":10}},"135":{"start":{"line":136,"column":0},"end":{"line":136,"column":46}},"136":{"start":{"line":137,"column":0},"end":{"line":137,"column":3}},"137":{"start":{"line":138,"column":0},"end":{"line":138,"column":1}},"139":{"start":{"line":140,"column":0},"end":{"line":140,"column":32}},"140":{"start":{"line":141,"column":0},"end":{"line":141,"column":44}},"141":{"start":{"line":142,"column":0},"end":{"line":142,"column":44}},"142":{"start":{"line":143,"column":0},"end":{"line":143,"column":1}}},"s":{"16":1,"17":1,"18":1,"19":1,"20":1,"21":1,"22":1,"23":1,"25":1,"26":15,"28":15,"29":15,"31":10,"32":10,"33":15,"34":15,"35":1,"36":1,"37":15,"39":1,"40":0,"42":0,"43":0,"45":0,"46":0,"47":0,"48":0,"49":0,"50":0,"52":1,"53":5,"54":5,"56":1,"57":5,"58":5,"59":5,"60":5,"62":1,"63":22,"64":22,"65":20,"66":9,"67":9,"68":20,"70":22,"71":36,"72":13,"73":0,"74":0,"76":13,"77":4,"78":4,"79":4,"80":4,"81":4,"82":4,"83":4,"85":9,"86":9,"87":3,"88":3,"89":3,"90":3,"91":3,"92":3,"93":3,"95":9,"96":4,"97":4,"98":4,"99":4,"100":4,"101":4,"103":9,"104":2,"105":2,"106":2,"107":2,"108":2,"109":2,"110":2,"112":0,"113":0,"114":0,"115":0,"116":0,"117":0,"118":13,"119":36,"121":0,"122":0,"124":1,"125":2,"126":2,"127":2,"129":1,"130":22,"132":22,"133":22,"134":22,"135":0,"136":0,"137":22,"139":1,"140":9,"141":9,"142":9},"branchMap":{"0":{"type":"branch","line":26,"loc":{"start":{"line":26,"column":7},"end":{"line":38,"column":1}},"locations":[{"start":{"line":26,"column":7},"end":{"line":38,"column":1}}]},"1":{"type":"branch","line":27,"loc":{"start":{"line":27,"column":37},"end":{"line":27,"column":49}},"locations":[{"start":{"line":27,"column":37},"end":{"line":27,"column":49}}]},"2":{"type":"branch","line":30,"loc":{"start":{"line":30,"column":16},"end":{"line":30,"column":28}},"locations":[{"start":{"line":30,"column":16},"end":{"line":30,"column":28}}]},"3":{"type":"branch","line":30,"loc":{"start":{"line":30,"column":23},"end":{"line":34,"column":24}},"locations":[{"start":{"line":30,"column":23},"end":{"line":34,"column":24}}]},"4":{"type":"branch","line":34,"loc":{"start":{"line":34,"column":20},"end":{"line":34,"column":29}},"locations":[{"start":{"line":34,"column":20},"end":{"line":34,"column":29}}]},"5":{"type":"branch","line":35,"loc":{"start":{"line":35,"column":4},"end":{"line":37,"column":3}},"locations":[{"start":{"line":35,"column":4},"end":{"line":37,"column":3}}]},"6":{"type":"branch","line":53,"loc":{"start":{"line":53,"column":7},"end":{"line":55,"column":1}},"locations":[{"start":{"line":53,"column":7},"end":{"line":55,"column":1}}]},"7":{"type":"branch","line":57,"loc":{"start":{"line":57,"column":7},"end":{"line":61,"column":1}},"locations":[{"start":{"line":57,"column":7},"end":{"line":61,"column":1}}]},"8":{"type":"branch","line":59,"loc":{"start":{"line":59,"column":21},"end":{"line":59,"column":49}},"locations":[{"start":{"line":59,"column":21},"end":{"line":59,"column":49}}]},"9":{"type":"branch","line":63,"loc":{"start":{"line":63,"column":7},"end":{"line":123,"column":1}},"locations":[{"start":{"line":63,"column":7},"end":{"line":123,"column":1}}]},"10":{"type":"branch","line":65,"loc":{"start":{"line":65,"column":18},"end":{"line":69,"column":3}},"locations":[{"start":{"line":65,"column":18},"end":{"line":69,"column":3}}]},"11":{"type":"branch","line":66,"loc":{"start":{"line":66,"column":35},"end":{"line":68,"column":5}},"locations":[{"start":{"line":66,"column":35},"end":{"line":68,"column":5}}]},"12":{"type":"branch","line":69,"loc":{"start":{"line":69,"column":2},"end":{"line":71,"column":73}},"locations":[{"start":{"line":69,"column":2},"end":{"line":71,"column":73}}]},"13":{"type":"branch","line":71,"loc":{"start":{"line":71,"column":73},"end":{"line":120,"column":3}},"locations":[{"start":{"line":71,"column":73},"end":{"line":120,"column":3}}]},"14":{"type":"branch","line":72,"loc":{"start":{"line":72,"column":18},"end":{"line":72,"column":49}},"locations":[{"start":{"line":72,"column":18},"end":{"line":72,"column":49}}]},"15":{"type":"branch","line":72,"loc":{"start":{"line":72,"column":49},"end":{"line":119,"column":5}},"locations":[{"start":{"line":72,"column":49},"end":{"line":119,"column":5}}]},"16":{"type":"branch","line":73,"loc":{"start":{"line":73,"column":39},"end":{"line":75,"column":7}},"locations":[{"start":{"line":73,"column":39},"end":{"line":75,"column":7}}]},"17":{"type":"branch","line":77,"loc":{"start":{"line":77,"column":25},"end":{"line":84,"column":7}},"locations":[{"start":{"line":77,"column":25},"end":{"line":84,"column":7}}]},"18":{"type":"branch","line":84,"loc":{"start":{"line":84,"column":6},"end":{"line":118,"column":7}},"locations":[{"start":{"line":84,"column":6},"end":{"line":118,"column":7}}]},"19":{"type":"branch","line":87,"loc":{"start":{"line":87,"column":21},"end":{"line":87,"column":59}},"locations":[{"start":{"line":87,"column":21},"end":{"line":87,"column":59}}]},"20":{"type":"branch","line":87,"loc":{"start":{"line":87,"column":59},"end":{"line":94,"column":9}},"locations":[{"start":{"line":87,"column":59},"end":{"line":94,"column":9}}]},"21":{"type":"branch","line":94,"loc":{"start":{"line":94,"column":8},"end":{"line":96,"column":30}},"locations":[{"start":{"line":94,"column":8},"end":{"line":96,"column":30}}]},"22":{"type":"branch","line":96,"loc":{"start":{"line":96,"column":21},"end":{"line":96,"column":57}},"locations":[{"start":{"line":96,"column":21},"end":{"line":96,"column":57}}]},"23":{"type":"branch","line":96,"loc":{"start":{"line":96,"column":57},"end":{"line":102,"column":9}},"locations":[{"start":{"line":96,"column":57},"end":{"line":102,"column":9}}]},"24":{"type":"branch","line":102,"loc":{"start":{"line":102,"column":8},"end":{"line":104,"column":53}},"locations":[{"start":{"line":102,"column":8},"end":{"line":104,"column":53}}]},"25":{"type":"branch","line":104,"loc":{"start":{"line":104,"column":53},"end":{"line":111,"column":9}},"locations":[{"start":{"line":104,"column":53},"end":{"line":111,"column":9}}]},"26":{"type":"branch","line":111,"loc":{"start":{"line":111,"column":8},"end":{"line":118,"column":7}},"locations":[{"start":{"line":111,"column":8},"end":{"line":118,"column":7}}]},"27":{"type":"branch","line":120,"loc":{"start":{"line":120,"column":2},"end":{"line":123,"column":1}},"locations":[{"start":{"line":120,"column":2},"end":{"line":123,"column":1}}]},"28":{"type":"branch","line":125,"loc":{"start":{"line":125,"column":7},"end":{"line":128,"column":1}},"locations":[{"start":{"line":125,"column":7},"end":{"line":128,"column":1}}]},"29":{"type":"branch","line":130,"loc":{"start":{"line":130,"column":7},"end":{"line":138,"column":1}},"locations":[{"start":{"line":130,"column":7},"end":{"line":138,"column":1}}]},"30":{"type":"branch","line":131,"loc":{"start":{"line":131,"column":37},"end":{"line":131,"column":44}},"locations":[{"start":{"line":131,"column":37},"end":{"line":131,"column":44}}]},"31":{"type":"branch","line":135,"loc":{"start":{"line":135,"column":2},"end":{"line":137,"column":3}},"locations":[{"start":{"line":135,"column":2},"end":{"line":137,"column":3}}]},"32":{"type":"branch","line":140,"loc":{"start":{"line":140,"column":7},"end":{"line":143,"column":1}},"locations":[{"start":{"line":140,"column":7},"end":{"line":143,"column":1}}]},"33":{"type":"branch","line":141,"loc":{"start":{"line":141,"column":37},"end":{"line":141,"column":44}},"locations":[{"start":{"line":141,"column":37},"end":{"line":141,"column":44}}]}},"b":{"0":[15],"1":[0],"2":[5],"3":[10],"4":[0],"5":[1],"6":[5],"7":[5],"8":[0],"9":[22],"10":[20],"11":[9],"12":[13],"13":[36],"14":[23],"15":[13],"16":[0],"17":[4],"18":[9],"19":[3],"20":[3],"21":[6],"22":[4],"23":[4],"24":[2],"25":[2],"26":[0],"27":[0],"28":[2],"29":[22],"30":[0],"31":[0],"32":[9],"33":[0]},"fnMap":{"0":{"name":"getUserRole","decl":{"start":{"line":26,"column":7},"end":{"line":38,"column":1}},"loc":{"start":{"line":26,"column":7},"end":{"line":38,"column":1}},"line":26},"1":{"name":"getCurrentUser","decl":{"start":{"line":40,"column":7},"end":{"line":51,"column":1}},"loc":{"start":{"line":40,"column":7},"end":{"line":51,"column":1}},"line":40},"2":{"name":"isAuthenticated","decl":{"start":{"line":53,"column":7},"end":{"line":55,"column":1}},"loc":{"start":{"line":53,"column":7},"end":{"line":55,"column":1}},"line":53},"3":{"name":"hasRole","decl":{"start":{"line":57,"column":7},"end":{"line":61,"column":1}},"loc":{"start":{"line":57,"column":7},"end":{"line":61,"column":1}},"line":57},"4":{"name":"canAccessRoute","decl":{"start":{"line":63,"column":7},"end":{"line":123,"column":1}},"loc":{"start":{"line":63,"column":7},"end":{"line":123,"column":1}},"line":63},"5":{"name":"requireAuth","decl":{"start":{"line":125,"column":7},"end":{"line":128,"column":1}},"loc":{"start":{"line":125,"column":7},"end":{"line":128,"column":1}},"line":125},"6":{"name":"setAuthUser","decl":{"start":{"line":130,"column":7},"end":{"line":138,"column":1}},"loc":{"start":{"line":130,"column":7},"end":{"line":138,"column":1}},"line":130},"7":{"name":"logout","decl":{"start":{"line":140,"column":7},"end":{"line":143,"column":1}},"loc":{"start":{"line":140,"column":7},"end":{"line":143,"column":1}},"line":140}},"f":{"0":15,"1":0,"2":5,"3":5,"4":22,"5":2,"6":22,"7":9}}
}
